2026-02-03 10:49:59.720 [main] INFO  com.edmalg.EdmAlgApplicationTests traceId= - Starting EdmAlgApplicationTests using Java 21.0.10 with PID 21899 (started by nicolaboffoli in /Users/nicolaboffoli/Documents/GitHub/EdmAlg)
2026-02-03 10:49:59.721 [main] INFO  com.edmalg.EdmAlgApplicationTests traceId= - No active profile set, falling back to 1 default profile: "default"
2026-02-03 10:50:00.006 [background-preinit] INFO  o.h.validator.internal.util.Version traceId= - HV000001: Hibernate Validator 9.0.1.Final
2026-02-03 10:50:00.627 [main] INFO  com.edmalg.EdmAlgApplicationTests traceId= - Started EdmAlgApplicationTests in 1.149 seconds (process running for 2.137)
2026-02-03 10:50:00.629 [main] WARN  o.s.c.events.SpringDocAppInitializer traceId= - SpringDoc /v3/api-docs endpoint is enabled by default. To disable it in production, set the property 'springdoc.api-docs.enabled=false'
2026-02-03 10:50:00.629 [main] WARN  o.s.c.events.SpringDocAppInitializer traceId= - SpringDoc /swagger-ui.html endpoint is enabled by default. To disable it in production, set the property 'springdoc.swagger-ui.enabled=false'
2026-02-03 10:50:20.862 [main] INFO  com.edmalg.EdmAlgApplicationTests traceId= - Starting EdmAlgApplicationTests using Java 21.0.10 with PID 22147 (started by nicolaboffoli in /Users/nicolaboffoli/Documents/GitHub/EdmAlg)
2026-02-03 10:50:20.864 [main] INFO  com.edmalg.EdmAlgApplicationTests traceId= - No active profile set, falling back to 1 default profile: "default"
2026-02-03 10:50:21.219 [background-preinit] INFO  o.h.validator.internal.util.Version traceId= - HV000001: Hibernate Validator 9.0.1.Final
2026-02-03 10:50:22.156 [main] INFO  com.edmalg.EdmAlgApplicationTests traceId= - Started EdmAlgApplicationTests in 1.598 seconds (process running for 2.677)
2026-02-03 10:50:22.160 [main] WARN  o.s.c.events.SpringDocAppInitializer traceId= - SpringDoc /v3/api-docs endpoint is enabled by default. To disable it in production, set the property 'springdoc.api-docs.enabled=false'
2026-02-03 10:50:22.160 [main] WARN  o.s.c.events.SpringDocAppInitializer traceId= - SpringDoc /swagger-ui.html endpoint is enabled by default. To disable it in production, set the property 'springdoc.swagger-ui.enabled=false'
2026-02-03 10:50:54.540 [main] INFO  com.edmalg.EdmAlgApplicationTests traceId= - Starting EdmAlgApplicationTests using Java 21.0.10 with PID 22446 (started by nicolaboffoli in /Users/nicolaboffoli/Documents/GitHub/EdmAlg)
2026-02-03 10:50:54.542 [main] INFO  com.edmalg.EdmAlgApplicationTests traceId= - No active profile set, falling back to 1 default profile: "default"
2026-02-03 10:50:54.975 [background-preinit] INFO  o.h.validator.internal.util.Version traceId= - HV000001: Hibernate Validator 9.0.1.Final
2026-02-03 10:50:55.748 [main] INFO  com.edmalg.EdmAlgApplicationTests traceId= - Started EdmAlgApplicationTests in 1.589 seconds (process running for 2.824)
2026-02-03 10:50:55.751 [main] WARN  o.s.c.events.SpringDocAppInitializer traceId= - SpringDoc /v3/api-docs endpoint is enabled by default. To disable it in production, set the property 'springdoc.api-docs.enabled=false'
2026-02-03 10:50:55.752 [main] WARN  o.s.c.events.SpringDocAppInitializer traceId= - SpringDoc /swagger-ui.html endpoint is enabled by default. To disable it in production, set the property 'springdoc.swagger-ui.enabled=false'
2026-02-03 10:57:03.536 [main] INFO  com.edmalg.EdmAlgApplicationTests traceId= - Starting EdmAlgApplicationTests using Java 21.0.10 with PID 24161 (started by nicolaboffoli in /Users/nicolaboffoli/Documents/GitHub/EdmAlg)
2026-02-03 10:57:03.541 [main] INFO  com.edmalg.EdmAlgApplicationTests traceId= - No active profile set, falling back to 1 default profile: "default"
2026-02-03 10:57:05.070 [background-preinit] INFO  o.h.validator.internal.util.Version traceId= - HV000001: Hibernate Validator 9.0.1.Final
2026-02-03 10:57:07.825 [main] INFO  com.edmalg.EdmAlgApplicationTests traceId= - Started EdmAlgApplicationTests in 5.296 seconds (process running for 9.326)
2026-02-03 10:57:07.833 [main] WARN  o.s.c.events.SpringDocAppInitializer traceId= - SpringDoc /v3/api-docs endpoint is enabled by default. To disable it in production, set the property 'springdoc.api-docs.enabled=false'
2026-02-03 10:57:07.834 [main] WARN  o.s.c.events.SpringDocAppInitializer traceId= - SpringDoc /swagger-ui.html endpoint is enabled by default. To disable it in production, set the property 'springdoc.swagger-ui.enabled=false'
2026-02-03 11:57:07.787 [main] INFO  com.edmalg.EdmAlgApplicationTests traceId= - Starting EdmAlgApplicationTests using Java 21.0.10 with PID 37176 (started by nicolaboffoli in /Users/nicolaboffoli/Documents/GitHub/EdmAlg)
2026-02-03 11:57:07.788 [main] INFO  com.edmalg.EdmAlgApplicationTests traceId= - No active profile set, falling back to 1 default profile: "default"
2026-02-03 11:57:07.953 [background-preinit] INFO  o.h.validator.internal.util.Version traceId= - HV000001: Hibernate Validator 9.0.1.Final
2026-02-03 11:57:08.336 [main] INFO  com.edmalg.EdmAlgApplicationTests traceId= - Started EdmAlgApplicationTests in 0.703 seconds (process running for 1.205)
2026-02-03 11:57:08.337 [main] WARN  o.s.c.events.SpringDocAppInitializer traceId= - SpringDoc /v3/api-docs endpoint is enabled by default. To disable it in production, set the property 'springdoc.api-docs.enabled=false'
2026-02-03 11:57:08.337 [main] WARN  o.s.c.events.SpringDocAppInitializer traceId= - SpringDoc /swagger-ui.html endpoint is enabled by default. To disable it in production, set the property 'springdoc.swagger-ui.enabled=false'
2026-02-03 12:18:34.507 [main] INFO  com.edmalg.EdmAlgApplication traceId= - Starting EdmAlgApplication using Java 21.0.10 with PID 43619 (/Users/nicolaboffoli/Documents/GitHub/EdmAlg/target/classes started by nicolaboffoli in /Users/nicolaboffoli/Documents/GitHub/EdmAlg)
2026-02-03 12:18:34.509 [main] INFO  com.edmalg.EdmAlgApplication traceId= - No active profile set, falling back to 1 default profile: "default"
2026-02-03 12:18:34.625 [background-preinit] INFO  o.h.validator.internal.util.Version traceId= - HV000001: Hibernate Validator 9.0.1.Final
2026-02-03 12:18:34.797 [main] INFO  o.s.boot.tomcat.TomcatWebServer traceId= - Tomcat initialized with port 8080 (http)
2026-02-03 12:18:34.802 [main] INFO  o.a.coyote.http11.Http11NioProtocol traceId= - Initializing ProtocolHandler ["http-nio-8080"]
2026-02-03 12:18:34.803 [main] INFO  o.a.catalina.core.StandardService traceId= - Starting service [Tomcat]
2026-02-03 12:18:34.803 [main] INFO  o.a.catalina.core.StandardEngine traceId= - Starting Servlet engine: [Apache Tomcat/11.0.15]
2026-02-03 12:18:34.825 [main] INFO  o.s.b.w.c.s.WebApplicationContextInitializer traceId= - Root WebApplicationContext: initialization completed in 301 ms
2026-02-03 12:18:35.030 [main] INFO  o.a.coyote.http11.Http11NioProtocol traceId= - Starting ProtocolHandler ["http-nio-8080"]
2026-02-03 12:18:35.041 [main] INFO  o.s.boot.tomcat.TomcatWebServer traceId= - Tomcat started on port 8080 (http) with context path '/'
2026-02-03 12:18:35.043 [main] INFO  com.edmalg.EdmAlgApplication traceId= - Started EdmAlgApplication in 0.702 seconds (process running for 0.815)
2026-02-03 12:18:35.044 [main] WARN  o.s.c.events.SpringDocAppInitializer traceId= - SpringDoc /v3/api-docs endpoint is enabled by default. To disable it in production, set the property 'springdoc.api-docs.enabled=false'
2026-02-03 12:18:35.044 [main] WARN  o.s.c.events.SpringDocAppInitializer traceId= - SpringDoc /swagger-ui.html endpoint is enabled by default. To disable it in production, set the property 'springdoc.swagger-ui.enabled=false'
2026-02-03 12:25:05.306 [main] INFO  com.edmalg.EdmAlgApplication traceId= - Starting EdmAlgApplication using Java 21.0.10 with PID 45220 (/Users/nicolaboffoli/Documents/GitHub/EdmAlg/target/classes started by nicolaboffoli in /Users/nicolaboffoli/Documents/GitHub/EdmAlg)
2026-02-03 12:25:05.307 [main] INFO  com.edmalg.EdmAlgApplication traceId= - No active profile set, falling back to 1 default profile: "default"
2026-02-03 12:25:05.440 [background-preinit] INFO  o.h.validator.internal.util.Version traceId= - HV000001: Hibernate Validator 9.0.1.Final
2026-02-03 12:25:05.620 [main] INFO  o.s.boot.tomcat.TomcatWebServer traceId= - Tomcat initialized with port 8080 (http)
2026-02-03 12:25:05.625 [main] INFO  o.a.coyote.http11.Http11NioProtocol traceId= - Initializing ProtocolHandler ["http-nio-8080"]
2026-02-03 12:25:05.625 [main] INFO  o.a.catalina.core.StandardService traceId= - Starting service [Tomcat]
2026-02-03 12:25:05.625 [main] INFO  o.a.catalina.core.StandardEngine traceId= - Starting Servlet engine: [Apache Tomcat/11.0.15]
2026-02-03 12:25:05.648 [main] INFO  o.s.b.w.c.s.WebApplicationContextInitializer traceId= - Root WebApplicationContext: initialization completed in 325 ms
2026-02-03 12:25:05.842 [main] INFO  o.a.coyote.http11.Http11NioProtocol traceId= - Starting ProtocolHandler ["http-nio-8080"]
2026-02-03 12:25:05.853 [main] INFO  o.s.boot.tomcat.TomcatWebServer traceId= - Tomcat started on port 8080 (http) with context path '/'
2026-02-03 12:25:05.855 [main] INFO  com.edmalg.EdmAlgApplication traceId= - Started EdmAlgApplication in 0.728 seconds (process running for 0.86)
2026-02-03 12:25:05.856 [main] WARN  o.s.c.events.SpringDocAppInitializer traceId= - SpringDoc /v3/api-docs endpoint is enabled by default. To disable it in production, set the property 'springdoc.api-docs.enabled=false'
2026-02-03 12:25:05.856 [main] WARN  o.s.c.events.SpringDocAppInitializer traceId= - SpringDoc /swagger-ui.html endpoint is enabled by default. To disable it in production, set the property 'springdoc.swagger-ui.enabled=false'
2026-02-03 12:25:10.412 [http-nio-8080-exec-1] INFO  o.a.c.c.C.[Tomcat].[localhost].[/] traceId= - Initializing Spring DispatcherServlet 'dispatcherServlet'
2026-02-03 12:25:10.412 [http-nio-8080-exec-1] INFO  o.s.web.servlet.DispatcherServlet traceId= - Initializing Servlet 'dispatcherServlet'
2026-02-03 12:25:10.413 [http-nio-8080-exec-1] INFO  o.s.web.servlet.DispatcherServlet traceId= - Completed initialization in 1 ms
2026-02-03 12:25:10.415 [http-nio-8080-exec-1] INFO  c.edmalg.api.logging.TraceIdFilter traceId=4081085e-ab24-49ed-98f4-d20be249b6a3 - Request start: GET /api/health
2026-02-03 12:25:10.445 [http-nio-8080-exec-1] INFO  c.edmalg.api.logging.TraceIdFilter traceId=4081085e-ab24-49ed-98f4-d20be249b6a3 - Request end: GET /api/health -> 200 (30 ms)
2026-02-03 12:25:10.453 [http-nio-8080-exec-2] INFO  c.edmalg.api.logging.TraceIdFilter traceId=3b94efa5-8405-40db-bbb6-418ab836bf3e - Request start: GET /api/trace/stats
2026-02-03 12:25:10.471 [http-nio-8080-exec-2] INFO  c.edmalg.api.logging.TraceIdFilter traceId=3b94efa5-8405-40db-bbb6-418ab836bf3e - Request end: GET /api/trace/stats -> 200 (17 ms)
2026-02-03 12:26:11.853 [http-nio-8080-exec-4] INFO  c.edmalg.api.logging.TraceIdFilter traceId=93d3edc3-69cc-4be5-a548-ef4570f3a1af - Request start: POST /api/assessment
2026-02-03 12:26:11.919 [http-nio-8080-exec-4] DEBUG c.e.a.pipeline.AssessmentPipeline traceId=f9546c32-50f7-48ab-b6aa-27d94b598883 - Pipeline step start: ValidateInputStep
2026-02-03 12:26:11.920 [http-nio-8080-exec-4] DEBUG c.e.a.pipeline.AssessmentPipeline traceId=f9546c32-50f7-48ab-b6aa-27d94b598883 - Pipeline step done: ValidateInputStep
2026-02-03 12:26:11.920 [http-nio-8080-exec-4] DEBUG c.e.a.pipeline.AssessmentPipeline traceId=f9546c32-50f7-48ab-b6aa-27d94b598883 - Pipeline step start: NormalizeIndicatorsStep
2026-02-03 12:26:11.920 [http-nio-8080-exec-4] DEBUG c.e.a.pipeline.AssessmentPipeline traceId=f9546c32-50f7-48ab-b6aa-27d94b598883 - Pipeline step done: NormalizeIndicatorsStep
2026-02-03 12:26:11.920 [http-nio-8080-exec-4] DEBUG c.e.a.pipeline.AssessmentPipeline traceId=f9546c32-50f7-48ab-b6aa-27d94b598883 - Pipeline step start: AggregateAxesStep
2026-02-03 12:26:11.920 [http-nio-8080-exec-4] DEBUG c.e.a.pipeline.AssessmentPipeline traceId=f9546c32-50f7-48ab-b6aa-27d94b598883 - Pipeline step done: AggregateAxesStep
2026-02-03 12:26:11.920 [http-nio-8080-exec-4] DEBUG c.e.a.pipeline.AssessmentPipeline traceId=f9546c32-50f7-48ab-b6aa-27d94b598883 - Pipeline step start: CheckAvailabilityStep
2026-02-03 12:26:11.920 [http-nio-8080-exec-4] DEBUG c.e.a.pipeline.AssessmentPipeline traceId=f9546c32-50f7-48ab-b6aa-27d94b598883 - Pipeline step done: CheckAvailabilityStep
2026-02-03 12:26:11.920 [http-nio-8080-exec-4] DEBUG c.e.a.pipeline.AssessmentPipeline traceId=f9546c32-50f7-48ab-b6aa-27d94b598883 - Pipeline step start: RenormalizeWeightsStep
2026-02-03 12:26:11.921 [http-nio-8080-exec-4] DEBUG c.e.a.pipeline.AssessmentPipeline traceId=f9546c32-50f7-48ab-b6aa-27d94b598883 - Pipeline step done: RenormalizeWeightsStep
2026-02-03 12:26:11.921 [http-nio-8080-exec-4] DEBUG c.e.a.pipeline.AssessmentPipeline traceId=f9546c32-50f7-48ab-b6aa-27d94b598883 - Pipeline step start: FuseScoresStep
2026-02-03 12:26:11.921 [http-nio-8080-exec-4] DEBUG c.e.a.pipeline.AssessmentPipeline traceId=f9546c32-50f7-48ab-b6aa-27d94b598883 - Pipeline step done: FuseScoresStep
2026-02-03 12:26:11.921 [http-nio-8080-exec-4] DEBUG c.e.a.pipeline.AssessmentPipeline traceId=f9546c32-50f7-48ab-b6aa-27d94b598883 - Pipeline step start: MapGradeStep
2026-02-03 12:26:11.921 [http-nio-8080-exec-4] DEBUG c.e.a.pipeline.AssessmentPipeline traceId=f9546c32-50f7-48ab-b6aa-27d94b598883 - Pipeline step done: MapGradeStep
2026-02-03 12:26:11.921 [http-nio-8080-exec-4] DEBUG c.e.a.pipeline.AssessmentPipeline traceId=f9546c32-50f7-48ab-b6aa-27d94b598883 - Pipeline step start: BuildContributionsStep
2026-02-03 12:26:11.922 [http-nio-8080-exec-4] DEBUG c.e.a.pipeline.AssessmentPipeline traceId=f9546c32-50f7-48ab-b6aa-27d94b598883 - Pipeline step done: BuildContributionsStep
2026-02-03 12:26:11.922 [http-nio-8080-exec-4] DEBUG c.e.a.pipeline.AssessmentPipeline traceId=f9546c32-50f7-48ab-b6aa-27d94b598883 - Pipeline step start: BuildResultStep
2026-02-03 12:26:11.922 [http-nio-8080-exec-4] DEBUG c.e.a.pipeline.AssessmentPipeline traceId=f9546c32-50f7-48ab-b6aa-27d94b598883 - Pipeline step done: BuildResultStep
2026-02-03 12:26:11.935 [http-nio-8080-exec-4] INFO  c.edmalg.api.logging.TraceIdFilter traceId= - Request end: POST /api/assessment -> 200 (81 ms)
2026-02-03 12:26:40.933 [http-nio-8080-exec-6] INFO  c.edmalg.api.logging.TraceIdFilter traceId=71841e00-f3c0-4eeb-b3fd-057cbc515a4e - Request start: GET /api/trace/f9546c32-50f7-48ab-b6aa-27d94b598883
2026-02-03 12:26:40.936 [http-nio-8080-exec-6] INFO  c.edmalg.api.logging.TraceIdFilter traceId=71841e00-f3c0-4eeb-b3fd-057cbc515a4e - Request end: GET /api/trace/f9546c32-50f7-48ab-b6aa-27d94b598883 -> 200 (3 ms)
2026-02-03 12:26:45.404 [SpringApplicationShutdownHook] INFO  o.s.boot.tomcat.GracefulShutdown traceId= - Commencing graceful shutdown. Waiting for active requests to complete
2026-02-03 12:26:45.409 [tomcat-shutdown] INFO  o.s.boot.tomcat.GracefulShutdown traceId= - Graceful shutdown complete
