2026-02-03 12:26:11.920 [http-nio-8080-exec-4] DEBUG com.edmalg.assessment.technical traceId=f9546c32-50f7-48ab-b6aa-27d94b598883 - Validazione tecnica completata (traceId=f9546c32-50f7-48ab-b6aa-27d94b598883).
2026-02-03 12:26:11.920 [http-nio-8080-exec-4] DEBUG com.edmalg.assessment.technical traceId=f9546c32-50f7-48ab-b6aa-27d94b598883 - Normalizzazione tecnica: prodotto=2, processo=1, semantica=1, affidabilitaSem=1.0
2026-02-03 12:26:11.920 [http-nio-8080-exec-4] DEBUG com.edmalg.assessment.technical traceId=f9546c32-50f7-48ab-b6aa-27d94b598883 - Punteggi tecnici: PQ=0.432, PrQ=0.7408182206817179, SA=0.5
2026-02-03 12:26:11.920 [http-nio-8080-exec-4] DEBUG com.edmalg.assessment.technical traceId=f9546c32-50f7-48ab-b6aa-27d94b598883 - Pesi tecnici effettivi: EffectiveAxisWeights[product=0.4, process=0.3, semantic=0.3]
2026-02-03 12:26:11.921 [http-nio-8080-exec-4] DEBUG com.edmalg.assessment.technical traceId=f9546c32-50f7-48ab-b6aa-27d94b598883 - Punteggio globale tecnico: 0.5450454662045153
2026-02-03 12:26:11.921 [http-nio-8080-exec-4] DEBUG com.edmalg.assessment.technical traceId=f9546c32-50f7-48ab-b6aa-27d94b598883 - Voto tecnico: 16/30
2026-02-03 12:26:11.921 [http-nio-8080-exec-4] DEBUG com.edmalg.assessment.technical traceId=f9546c32-50f7-48ab-b6aa-27d94b598883 - Contributi tecnici: [Contribution[axis=PQ, indicatorId=i1, value=0.192], Contribution[axis=SA, indicatorId=s1, value=-0.15], Contribution[axis=PrQ, indicatorId=r1, value=-0.09], Contribution[axis=PQ, indicatorId=i2, value=-0.06400000000000002]]
2026-02-03 12:32:38.971 [http-nio-8080-exec-4] DEBUG com.triad.assessment.technical traceId=21f99116-fb5f-4ba9-93ed-5f920fe2564d - Validazione tecnica completata (traceId=21f99116-fb5f-4ba9-93ed-5f920fe2564d).
2026-02-03 12:32:38.972 [http-nio-8080-exec-4] DEBUG com.triad.assessment.technical traceId=21f99116-fb5f-4ba9-93ed-5f920fe2564d - Normalizzazione tecnica: prodotto=2, processo=1, semantica=1, affidabilitaSem=1.0
2026-02-03 12:32:38.972 [http-nio-8080-exec-4] DEBUG com.triad.assessment.technical traceId=21f99116-fb5f-4ba9-93ed-5f920fe2564d - Punteggi tecnici: PQ=0.432, PrQ=0.7408182206817179, SA=0.5
2026-02-03 12:32:38.972 [http-nio-8080-exec-4] DEBUG com.triad.assessment.technical traceId=21f99116-fb5f-4ba9-93ed-5f920fe2564d - Pesi tecnici effettivi: EffectiveAxisWeights[product=0.4, process=0.3, semantic=0.3]
2026-02-03 12:32:38.973 [http-nio-8080-exec-4] DEBUG com.triad.assessment.technical traceId=21f99116-fb5f-4ba9-93ed-5f920fe2564d - Punteggio globale tecnico: 0.5450454662045153
2026-02-03 12:32:38.973 [http-nio-8080-exec-4] DEBUG com.triad.assessment.technical traceId=21f99116-fb5f-4ba9-93ed-5f920fe2564d - Voto tecnico: 16/30
2026-02-03 12:32:38.973 [http-nio-8080-exec-4] DEBUG com.triad.assessment.technical traceId=21f99116-fb5f-4ba9-93ed-5f920fe2564d - Contributi tecnici: [Contribution[axis=PQ, indicatorId=i1, value=0.192], Contribution[axis=SA, indicatorId=s1, value=-0.15], Contribution[axis=PrQ, indicatorId=r1, value=-0.09], Contribution[axis=PQ, indicatorId=i2, value=-0.06400000000000002]]
2026-02-03 12:45:42.747 [http-nio-8080-exec-4] DEBUG com.triad.assessment.technical traceId=848036de-7297-4a5b-b2d4-afc135fd7317 - Validazione tecnica completata (traceId=848036de-7297-4a5b-b2d4-afc135fd7317).
2026-02-03 12:45:42.747 [http-nio-8080-exec-4] DEBUG com.triad.assessment.technical traceId=848036de-7297-4a5b-b2d4-afc135fd7317 - Normalizzazione tecnica: prodotto=2, processo=1, semantica=1, affidabilitaSem=1.0
2026-02-03 12:45:42.747 [http-nio-8080-exec-4] DEBUG com.triad.assessment.technical traceId=848036de-7297-4a5b-b2d4-afc135fd7317 - Punteggi tecnici: PQ=0.432, PrQ=0.7408182206817179, SA=0.5
2026-02-03 12:45:42.747 [http-nio-8080-exec-4] DEBUG com.triad.assessment.technical traceId=848036de-7297-4a5b-b2d4-afc135fd7317 - Pesi tecnici effettivi: EffectiveAxisWeights[product=0.4, process=0.3, semantic=0.3]
2026-02-03 12:45:42.748 [http-nio-8080-exec-4] DEBUG com.triad.assessment.technical traceId=848036de-7297-4a5b-b2d4-afc135fd7317 - Punteggio globale tecnico: 0.5450454662045153
2026-02-03 12:45:42.748 [http-nio-8080-exec-4] DEBUG com.triad.assessment.technical traceId=848036de-7297-4a5b-b2d4-afc135fd7317 - Voto tecnico: 16/30
2026-02-03 12:45:42.748 [http-nio-8080-exec-4] DEBUG com.triad.assessment.technical traceId=848036de-7297-4a5b-b2d4-afc135fd7317 - Contributi tecnici: [Contribution[axis=PQ, indicatorId=i1, value=0.192], Contribution[axis=SA, indicatorId=s1, value=-0.15], Contribution[axis=PrQ, indicatorId=r1, value=-0.09], Contribution[axis=PQ, indicatorId=i2, value=-0.06400000000000002]]
2026-02-03 12:58:52.728 [http-nio-8080-exec-4] DEBUG com.triad.assessment.technical traceId=0eedd342-4ad7-4951-a9dc-d7201e8f9109 - Validazione tecnica completata (traceId=0eedd342-4ad7-4951-a9dc-d7201e8f9109).
2026-02-03 12:58:52.729 [http-nio-8080-exec-4] DEBUG com.triad.assessment.technical traceId=0eedd342-4ad7-4951-a9dc-d7201e8f9109 - Normalizzazione tecnica: prodotto=2, processo=1, semantica=1, affidabilitaSem=1.0
2026-02-03 12:58:52.729 [http-nio-8080-exec-4] DEBUG com.triad.assessment.technical traceId=0eedd342-4ad7-4951-a9dc-d7201e8f9109 - Punteggi tecnici: PQ=0.432, PrQ=0.7408182206817179, SA=0.5
2026-02-03 12:58:52.730 [http-nio-8080-exec-4] DEBUG com.triad.assessment.technical traceId=0eedd342-4ad7-4951-a9dc-d7201e8f9109 - Pesi tecnici effettivi: EffectiveAxisWeights[product=0.4, process=0.3, semantic=0.3]
2026-02-03 12:58:52.730 [http-nio-8080-exec-4] DEBUG com.triad.assessment.technical traceId=0eedd342-4ad7-4951-a9dc-d7201e8f9109 - Punteggio globale tecnico: 0.5450454662045153
2026-02-03 12:58:52.730 [http-nio-8080-exec-4] DEBUG com.triad.assessment.technical traceId=0eedd342-4ad7-4951-a9dc-d7201e8f9109 - Voto tecnico: 16/30
2026-02-03 12:58:52.731 [http-nio-8080-exec-4] DEBUG com.triad.assessment.technical traceId=0eedd342-4ad7-4951-a9dc-d7201e8f9109 - Contributi tecnici: [Contribution[axis=PQ, indicatorId=i1, value=0.192], Contribution[axis=SA, indicatorId=s1, value=-0.15], Contribution[axis=PrQ, indicatorId=r1, value=-0.09], Contribution[axis=PQ, indicatorId=i2, value=-0.06400000000000002]]
2026-02-03 15:22:44.803 [http-nio-8080-exec-4] DEBUG com.triad.assessment.technical traceId=317db31e-1474-400a-9030-5c695d4b273a - Validazione tecnica completata (traceId=317db31e-1474-400a-9030-5c695d4b273a).
2026-02-03 15:22:44.805 [http-nio-8080-exec-4] DEBUG com.triad.assessment.technical traceId=317db31e-1474-400a-9030-5c695d4b273a - Normalizzazione tecnica: prodotto=2, processo=1, semantica=1, affidabilitaSem=1.0
2026-02-03 15:22:44.805 [http-nio-8080-exec-4] DEBUG com.triad.assessment.technical traceId=317db31e-1474-400a-9030-5c695d4b273a - Punteggi tecnici: PQ=0.432, PrQ=0.7408182206817179, SA=0.5
2026-02-03 15:22:44.806 [http-nio-8080-exec-4] DEBUG com.triad.assessment.technical traceId=317db31e-1474-400a-9030-5c695d4b273a - Pesi tecnici effettivi: EffectiveAxisWeights[product=0.4, process=0.3, semantic=0.3]
2026-02-03 15:22:44.806 [http-nio-8080-exec-4] DEBUG com.triad.assessment.technical traceId=317db31e-1474-400a-9030-5c695d4b273a - Punteggio globale tecnico: 0.5450454662045153
2026-02-03 15:22:44.807 [http-nio-8080-exec-4] DEBUG com.triad.assessment.technical traceId=317db31e-1474-400a-9030-5c695d4b273a - Voto tecnico: 16/30
2026-02-03 15:22:44.807 [http-nio-8080-exec-4] DEBUG com.triad.assessment.technical traceId=317db31e-1474-400a-9030-5c695d4b273a - Contributi tecnici: [Contribution[axis=PQ, indicatorId=i1, value=0.192], Contribution[axis=SA, indicatorId=s1, value=-0.15], Contribution[axis=PrQ, indicatorId=r1, value=-0.09], Contribution[axis=PQ, indicatorId=i2, value=-0.06400000000000002]]
2026-02-03 15:42:18.627 [http-nio-8080-exec-7] DEBUG com.triad.assessment.technical traceId=543c85b6-8b85-4531-8113-6e8322fd8658 - Validazione tecnica completata (traceId=543c85b6-8b85-4531-8113-6e8322fd8658).
2026-02-03 15:42:18.628 [http-nio-8080-exec-7] DEBUG com.triad.assessment.technical traceId=543c85b6-8b85-4531-8113-6e8322fd8658 - Normalizzazione tecnica: prodotto=2, processo=1, semantica=1, affidabilitaSem=1.0
2026-02-03 15:42:18.629 [http-nio-8080-exec-7] DEBUG com.triad.assessment.technical traceId=543c85b6-8b85-4531-8113-6e8322fd8658 - Punteggi tecnici: PQ=0.432, PrQ=0.7408182206817179, SA=0.5
2026-02-03 15:42:18.629 [http-nio-8080-exec-7] DEBUG com.triad.assessment.technical traceId=543c85b6-8b85-4531-8113-6e8322fd8658 - Pesi tecnici effettivi: EffectiveAxisWeights[product=0.4, process=0.3, semantic=0.3]
2026-02-03 15:42:18.630 [http-nio-8080-exec-7] DEBUG com.triad.assessment.technical traceId=543c85b6-8b85-4531-8113-6e8322fd8658 - Punteggio globale tecnico: 0.5450454662045153
2026-02-03 15:42:18.630 [http-nio-8080-exec-7] DEBUG com.triad.assessment.technical traceId=543c85b6-8b85-4531-8113-6e8322fd8658 - Voto tecnico: 16/30
2026-02-03 15:42:18.630 [http-nio-8080-exec-7] DEBUG com.triad.assessment.technical traceId=543c85b6-8b85-4531-8113-6e8322fd8658 - Contributi tecnici: [Contribution[axis=PQ, indicatorId=i1, value=0.192], Contribution[axis=SA, indicatorId=s1, value=-0.15], Contribution[axis=PrQ, indicatorId=r1, value=-0.09], Contribution[axis=PQ, indicatorId=i2, value=-0.06400000000000002]]
2026-02-03 15:46:11.889 [http-nio-8080-exec-9] DEBUG com.triad.assessment.technical traceId=1dce522f-bf73-424c-964f-40f1323d6936 - Validazione tecnica completata (traceId=1dce522f-bf73-424c-964f-40f1323d6936).
2026-02-03 15:46:11.890 [http-nio-8080-exec-9] DEBUG com.triad.assessment.technical traceId=1dce522f-bf73-424c-964f-40f1323d6936 - Normalizzazione tecnica: prodotto=2, processo=1, semantica=1, affidabilitaSem=1.0
2026-02-03 15:46:11.890 [http-nio-8080-exec-9] DEBUG com.triad.assessment.technical traceId=1dce522f-bf73-424c-964f-40f1323d6936 - Punteggi tecnici: PQ=0.432, PrQ=0.7408182206817179, SA=0.5
2026-02-03 15:46:11.890 [http-nio-8080-exec-9] DEBUG com.triad.assessment.technical traceId=1dce522f-bf73-424c-964f-40f1323d6936 - Pesi tecnici effettivi: EffectiveAxisWeights[product=0.4, process=0.3, semantic=0.3]
2026-02-03 15:46:11.891 [http-nio-8080-exec-9] DEBUG com.triad.assessment.technical traceId=1dce522f-bf73-424c-964f-40f1323d6936 - Punteggio globale tecnico: 0.5450454662045153
2026-02-03 15:46:11.891 [http-nio-8080-exec-9] DEBUG com.triad.assessment.technical traceId=1dce522f-bf73-424c-964f-40f1323d6936 - Voto tecnico: 16/30
2026-02-03 15:46:11.891 [http-nio-8080-exec-9] DEBUG com.triad.assessment.technical traceId=1dce522f-bf73-424c-964f-40f1323d6936 - Contributi tecnici: [Contribution[axis=PQ, indicatorId=i1, value=0.192], Contribution[axis=SA, indicatorId=s1, value=-0.15], Contribution[axis=PrQ, indicatorId=r1, value=-0.09], Contribution[axis=PQ, indicatorId=i2, value=-0.06400000000000002]]
2026-02-03 16:16:06.155 [http-nio-8080-exec-4] DEBUG com.triad.assessment.technical traceId=1e872173-8472-4d4b-83d7-b666d6dc81cb - Validazione tecnica completata (traceId=1e872173-8472-4d4b-83d7-b666d6dc81cb).
2026-02-03 16:16:06.157 [http-nio-8080-exec-4] DEBUG com.triad.assessment.technical traceId=1e872173-8472-4d4b-83d7-b666d6dc81cb - Normalizzazione tecnica: prodotto=2, processo=1, semantica=1, affidabilitaSem=1.0
2026-02-03 16:16:06.157 [http-nio-8080-exec-4] DEBUG com.triad.assessment.technical traceId=1e872173-8472-4d4b-83d7-b666d6dc81cb - Punteggi tecnici: PQ=0.432, PrQ=0.7408182206817179, SA=0.5
2026-02-03 16:16:06.157 [http-nio-8080-exec-4] DEBUG com.triad.assessment.technical traceId=1e872173-8472-4d4b-83d7-b666d6dc81cb - Pesi tecnici effettivi: EffectiveAxisWeights[product=0.4, process=0.3, semantic=0.3]
2026-02-03 16:16:06.158 [http-nio-8080-exec-4] DEBUG com.triad.assessment.technical traceId=1e872173-8472-4d4b-83d7-b666d6dc81cb - Punteggio globale tecnico: 0.5450454662045153
2026-02-03 16:16:06.158 [http-nio-8080-exec-4] DEBUG com.triad.assessment.technical traceId=1e872173-8472-4d4b-83d7-b666d6dc81cb - Voto tecnico: 16/30
2026-02-03 16:16:06.159 [http-nio-8080-exec-4] DEBUG com.triad.assessment.technical traceId=1e872173-8472-4d4b-83d7-b666d6dc81cb - Contributi tecnici: [Contribution[axis=PQ, indicatorId=i1, value=0.192], Contribution[axis=SA, indicatorId=s1, value=-0.15], Contribution[axis=PrQ, indicatorId=r1, value=-0.09], Contribution[axis=PQ, indicatorId=i2, value=-0.06400000000000002]]
