2026-02-03 12:32:30.834 [main] INFO  com.triad.TriadApplication traceId= - Starting TriadApplication using Java 21.0.10 with PID 47752 (/Users/nicolaboffoli/Documents/GitHub/EdmAlg/target/classes started by nicolaboffoli in /Users/nicolaboffoli/Documents/GitHub/EdmAlg)
2026-02-03 12:32:30.835 [main] INFO  com.triad.TriadApplication traceId= - No active profile set, falling back to 1 default profile: "default"
2026-02-03 12:32:30.949 [background-preinit] INFO  o.h.validator.internal.util.Version traceId= - HV000001: Hibernate Validator 9.0.1.Final
2026-02-03 12:32:31.112 [main] INFO  o.s.boot.tomcat.TomcatWebServer traceId= - Tomcat initialized with port 8080 (http)
2026-02-03 12:32:31.117 [main] INFO  o.a.coyote.http11.Http11NioProtocol traceId= - Initializing ProtocolHandler ["http-nio-8080"]
2026-02-03 12:32:31.118 [main] INFO  o.a.catalina.core.StandardService traceId= - Starting service [Tomcat]
2026-02-03 12:32:31.118 [main] INFO  o.a.catalina.core.StandardEngine traceId= - Starting Servlet engine: [Apache Tomcat/11.0.15]
2026-02-03 12:32:31.138 [main] INFO  o.s.b.w.c.s.WebApplicationContextInitializer traceId= - Root WebApplicationContext: initialization completed in 290 ms
2026-02-03 12:32:31.320 [main] INFO  o.a.coyote.http11.Http11NioProtocol traceId= - Starting ProtocolHandler ["http-nio-8080"]
2026-02-03 12:32:31.330 [main] INFO  o.s.boot.tomcat.TomcatWebServer traceId= - Tomcat started on port 8080 (http) with context path '/'
2026-02-03 12:32:31.333 [main] INFO  com.triad.TriadApplication traceId= - Started TriadApplication in 0.657 seconds (process running for 0.769)
2026-02-03 12:32:31.334 [main] WARN  o.s.c.events.SpringDocAppInitializer traceId= - SpringDoc /v3/api-docs endpoint is enabled by default. To disable it in production, set the property 'springdoc.api-docs.enabled=false'
2026-02-03 12:32:31.334 [main] WARN  o.s.c.events.SpringDocAppInitializer traceId= - SpringDoc /swagger-ui.html endpoint is enabled by default. To disable it in production, set the property 'springdoc.swagger-ui.enabled=false'
2026-02-03 12:32:35.523 [http-nio-8080-exec-1] INFO  o.a.c.c.C.[Tomcat].[localhost].[/] traceId= - Initializing Spring DispatcherServlet 'dispatcherServlet'
2026-02-03 12:32:35.523 [http-nio-8080-exec-1] INFO  o.s.web.servlet.DispatcherServlet traceId= - Initializing Servlet 'dispatcherServlet'
2026-02-03 12:32:35.524 [http-nio-8080-exec-1] INFO  o.s.web.servlet.DispatcherServlet traceId= - Completed initialization in 1 ms
2026-02-03 12:32:35.526 [http-nio-8080-exec-1] INFO  com.triad.api.logging.TraceIdFilter traceId=93104760-4e1b-4eb6-8c56-269de1e89f17 - Request start: GET /api/health
2026-02-03 12:32:35.556 [http-nio-8080-exec-1] INFO  com.triad.api.logging.TraceIdFilter traceId=93104760-4e1b-4eb6-8c56-269de1e89f17 - Request end: GET /api/health -> 200 (30 ms)
2026-02-03 12:32:35.565 [http-nio-8080-exec-2] INFO  com.triad.api.logging.TraceIdFilter traceId=47511f10-4a6f-472a-b51b-81b09c5bb760 - Request start: GET /api/trace/stats
2026-02-03 12:32:35.583 [http-nio-8080-exec-2] INFO  com.triad.api.logging.TraceIdFilter traceId=47511f10-4a6f-472a-b51b-81b09c5bb760 - Request end: GET /api/trace/stats -> 200 (17 ms)
2026-02-03 12:32:38.903 [http-nio-8080-exec-4] INFO  com.triad.api.logging.TraceIdFilter traceId=f5eac443-0358-48e8-b6d6-095ca5e98094 - Request start: POST /api/assessment
2026-02-03 12:32:38.971 [http-nio-8080-exec-4] DEBUG c.t.a.pipeline.AssessmentPipeline traceId=21f99116-fb5f-4ba9-93ed-5f920fe2564d - Pipeline step start: ValidateInputStep
2026-02-03 12:32:38.972 [http-nio-8080-exec-4] DEBUG c.t.a.pipeline.AssessmentPipeline traceId=21f99116-fb5f-4ba9-93ed-5f920fe2564d - Pipeline step done: ValidateInputStep
2026-02-03 12:32:38.972 [http-nio-8080-exec-4] DEBUG c.t.a.pipeline.AssessmentPipeline traceId=21f99116-fb5f-4ba9-93ed-5f920fe2564d - Pipeline step start: NormalizeIndicatorsStep
2026-02-03 12:32:38.972 [http-nio-8080-exec-4] DEBUG c.t.a.pipeline.AssessmentPipeline traceId=21f99116-fb5f-4ba9-93ed-5f920fe2564d - Pipeline step done: NormalizeIndicatorsStep
2026-02-03 12:32:38.972 [http-nio-8080-exec-4] DEBUG c.t.a.pipeline.AssessmentPipeline traceId=21f99116-fb5f-4ba9-93ed-5f920fe2564d - Pipeline step start: AggregateAxesStep
2026-02-03 12:32:38.972 [http-nio-8080-exec-4] DEBUG c.t.a.pipeline.AssessmentPipeline traceId=21f99116-fb5f-4ba9-93ed-5f920fe2564d - Pipeline step done: AggregateAxesStep
2026-02-03 12:32:38.972 [http-nio-8080-exec-4] DEBUG c.t.a.pipeline.AssessmentPipeline traceId=21f99116-fb5f-4ba9-93ed-5f920fe2564d - Pipeline step start: CheckAvailabilityStep
2026-02-03 12:32:38.972 [http-nio-8080-exec-4] DEBUG c.t.a.pipeline.AssessmentPipeline traceId=21f99116-fb5f-4ba9-93ed-5f920fe2564d - Pipeline step done: CheckAvailabilityStep
2026-02-03 12:32:38.972 [http-nio-8080-exec-4] DEBUG c.t.a.pipeline.AssessmentPipeline traceId=21f99116-fb5f-4ba9-93ed-5f920fe2564d - Pipeline step start: RenormalizeWeightsStep
2026-02-03 12:32:38.973 [http-nio-8080-exec-4] DEBUG c.t.a.pipeline.AssessmentPipeline traceId=21f99116-fb5f-4ba9-93ed-5f920fe2564d - Pipeline step done: RenormalizeWeightsStep
2026-02-03 12:32:38.973 [http-nio-8080-exec-4] DEBUG c.t.a.pipeline.AssessmentPipeline traceId=21f99116-fb5f-4ba9-93ed-5f920fe2564d - Pipeline step start: FuseScoresStep
2026-02-03 12:32:38.973 [http-nio-8080-exec-4] DEBUG c.t.a.pipeline.AssessmentPipeline traceId=21f99116-fb5f-4ba9-93ed-5f920fe2564d - Pipeline step done: FuseScoresStep
2026-02-03 12:32:38.973 [http-nio-8080-exec-4] DEBUG c.t.a.pipeline.AssessmentPipeline traceId=21f99116-fb5f-4ba9-93ed-5f920fe2564d - Pipeline step start: MapGradeStep
2026-02-03 12:32:38.973 [http-nio-8080-exec-4] DEBUG c.t.a.pipeline.AssessmentPipeline traceId=21f99116-fb5f-4ba9-93ed-5f920fe2564d - Pipeline step done: MapGradeStep
2026-02-03 12:32:38.973 [http-nio-8080-exec-4] DEBUG c.t.a.pipeline.AssessmentPipeline traceId=21f99116-fb5f-4ba9-93ed-5f920fe2564d - Pipeline step start: BuildContributionsStep
2026-02-03 12:32:38.974 [http-nio-8080-exec-4] DEBUG c.t.a.pipeline.AssessmentPipeline traceId=21f99116-fb5f-4ba9-93ed-5f920fe2564d - Pipeline step done: BuildContributionsStep
2026-02-03 12:32:38.974 [http-nio-8080-exec-4] DEBUG c.t.a.pipeline.AssessmentPipeline traceId=21f99116-fb5f-4ba9-93ed-5f920fe2564d - Pipeline step start: BuildResultStep
2026-02-03 12:32:38.974 [http-nio-8080-exec-4] DEBUG c.t.a.pipeline.AssessmentPipeline traceId=21f99116-fb5f-4ba9-93ed-5f920fe2564d - Pipeline step done: BuildResultStep
2026-02-03 12:32:38.987 [http-nio-8080-exec-4] INFO  com.triad.api.logging.TraceIdFilter traceId= - Request end: POST /api/assessment -> 200 (83 ms)
2026-02-03 12:32:42.853 [http-nio-8080-exec-6] INFO  com.triad.api.logging.TraceIdFilter traceId=3f3f5a57-01d5-4f09-8c3b-a102adcf2cb9 - Request start: GET /api/trace/21f99116-fb5f-4ba9-93ed-5f920fe2564d
2026-02-03 12:32:42.856 [http-nio-8080-exec-6] INFO  com.triad.api.logging.TraceIdFilter traceId=3f3f5a57-01d5-4f09-8c3b-a102adcf2cb9 - Request end: GET /api/trace/21f99116-fb5f-4ba9-93ed-5f920fe2564d -> 200 (2 ms)
2026-02-03 12:33:08.068 [SpringApplicationShutdownHook] INFO  o.s.boot.tomcat.GracefulShutdown traceId= - Commencing graceful shutdown. Waiting for active requests to complete
2026-02-03 12:33:08.072 [tomcat-shutdown] INFO  o.s.boot.tomcat.GracefulShutdown traceId= - Graceful shutdown complete
2026-02-03 12:45:30.109 [main] INFO  com.triad.TriadApplication traceId= - Starting TriadApplication using Java 21.0.10 with PID 51481 (/Users/nicolaboffoli/Documents/GitHub/EdmAlg/target/classes started by nicolaboffoli in /Users/nicolaboffoli/Documents/GitHub/EdmAlg)
2026-02-03 12:45:30.113 [main] INFO  com.triad.TriadApplication traceId= - No active profile set, falling back to 1 default profile: "default"
2026-02-03 12:45:30.220 [background-preinit] INFO  o.h.validator.internal.util.Version traceId= - HV000001: Hibernate Validator 9.0.1.Final
2026-02-03 12:45:30.390 [main] INFO  o.s.boot.tomcat.TomcatWebServer traceId= - Tomcat initialized with port 8080 (http)
2026-02-03 12:45:30.394 [main] INFO  o.a.coyote.http11.Http11NioProtocol traceId= - Initializing ProtocolHandler ["http-nio-8080"]
2026-02-03 12:45:30.395 [main] INFO  o.a.catalina.core.StandardService traceId= - Starting service [Tomcat]
2026-02-03 12:45:30.395 [main] INFO  o.a.catalina.core.StandardEngine traceId= - Starting Servlet engine: [Apache Tomcat/11.0.15]
2026-02-03 12:45:30.411 [main] INFO  o.s.b.w.c.s.WebApplicationContextInitializer traceId= - Root WebApplicationContext: initialization completed in 284 ms
2026-02-03 12:45:30.605 [main] INFO  o.a.coyote.http11.Http11NioProtocol traceId= - Starting ProtocolHandler ["http-nio-8080"]
2026-02-03 12:45:30.617 [main] INFO  o.s.boot.tomcat.TomcatWebServer traceId= - Tomcat started on port 8080 (http) with context path '/'
2026-02-03 12:45:30.620 [main] INFO  com.triad.TriadApplication traceId= - Started TriadApplication in 0.668 seconds (process running for 0.78)
2026-02-03 12:45:30.621 [main] WARN  o.s.c.events.SpringDocAppInitializer traceId= - SpringDoc /v3/api-docs endpoint is enabled by default. To disable it in production, set the property 'springdoc.api-docs.enabled=false'
2026-02-03 12:45:30.621 [main] WARN  o.s.c.events.SpringDocAppInitializer traceId= - SpringDoc /swagger-ui.html endpoint is enabled by default. To disable it in production, set the property 'springdoc.swagger-ui.enabled=false'
2026-02-03 12:45:35.144 [http-nio-8080-exec-1] INFO  o.a.c.c.C.[Tomcat].[localhost].[/] traceId= - Initializing Spring DispatcherServlet 'dispatcherServlet'
2026-02-03 12:45:35.144 [http-nio-8080-exec-1] INFO  o.s.web.servlet.DispatcherServlet traceId= - Initializing Servlet 'dispatcherServlet'
2026-02-03 12:45:35.145 [http-nio-8080-exec-1] INFO  o.s.web.servlet.DispatcherServlet traceId= - Completed initialization in 1 ms
2026-02-03 12:45:35.147 [http-nio-8080-exec-1] INFO  com.triad.api.logging.TraceIdFilter traceId=b0bdff2e-5393-4961-af64-08b1bb680c28 - Request start: GET /api/health
2026-02-03 12:45:35.180 [http-nio-8080-exec-1] INFO  com.triad.api.logging.TraceIdFilter traceId=b0bdff2e-5393-4961-af64-08b1bb680c28 - Request end: GET /api/health -> 200 (33 ms)
2026-02-03 12:45:35.189 [http-nio-8080-exec-2] INFO  com.triad.api.logging.TraceIdFilter traceId=82356cb0-4666-45b5-879b-417414b39618 - Request start: GET /api/trace/stats
2026-02-03 12:45:35.204 [http-nio-8080-exec-2] INFO  com.triad.api.logging.TraceIdFilter traceId=82356cb0-4666-45b5-879b-417414b39618 - Request end: GET /api/trace/stats -> 200 (14 ms)
2026-02-03 12:45:42.678 [http-nio-8080-exec-4] INFO  com.triad.api.logging.TraceIdFilter traceId=14989716-61dc-4f76-91fe-02af1461d83d - Request start: POST /api/assessment
2026-02-03 12:45:42.746 [http-nio-8080-exec-4] DEBUG c.t.a.pipeline.AssessmentPipeline traceId=848036de-7297-4a5b-b2d4-afc135fd7317 - Pipeline step start: ValidateInputStep
2026-02-03 12:45:42.747 [http-nio-8080-exec-4] DEBUG c.t.a.pipeline.AssessmentPipeline traceId=848036de-7297-4a5b-b2d4-afc135fd7317 - Pipeline step done: ValidateInputStep
2026-02-03 12:45:42.747 [http-nio-8080-exec-4] DEBUG c.t.a.pipeline.AssessmentPipeline traceId=848036de-7297-4a5b-b2d4-afc135fd7317 - Pipeline step start: NormalizeIndicatorsStep
2026-02-03 12:45:42.747 [http-nio-8080-exec-4] DEBUG c.t.a.pipeline.AssessmentPipeline traceId=848036de-7297-4a5b-b2d4-afc135fd7317 - Pipeline step done: NormalizeIndicatorsStep
2026-02-03 12:45:42.747 [http-nio-8080-exec-4] DEBUG c.t.a.pipeline.AssessmentPipeline traceId=848036de-7297-4a5b-b2d4-afc135fd7317 - Pipeline step start: AggregateAxesStep
2026-02-03 12:45:42.747 [http-nio-8080-exec-4] DEBUG c.t.a.pipeline.AssessmentPipeline traceId=848036de-7297-4a5b-b2d4-afc135fd7317 - Pipeline step done: AggregateAxesStep
2026-02-03 12:45:42.747 [http-nio-8080-exec-4] DEBUG c.t.a.pipeline.AssessmentPipeline traceId=848036de-7297-4a5b-b2d4-afc135fd7317 - Pipeline step start: CheckAvailabilityStep
2026-02-03 12:45:42.747 [http-nio-8080-exec-4] DEBUG c.t.a.pipeline.AssessmentPipeline traceId=848036de-7297-4a5b-b2d4-afc135fd7317 - Pipeline step done: CheckAvailabilityStep
2026-02-03 12:45:42.747 [http-nio-8080-exec-4] DEBUG c.t.a.pipeline.AssessmentPipeline traceId=848036de-7297-4a5b-b2d4-afc135fd7317 - Pipeline step start: RenormalizeWeightsStep
2026-02-03 12:45:42.748 [http-nio-8080-exec-4] DEBUG c.t.a.pipeline.AssessmentPipeline traceId=848036de-7297-4a5b-b2d4-afc135fd7317 - Pipeline step done: RenormalizeWeightsStep
2026-02-03 12:45:42.748 [http-nio-8080-exec-4] DEBUG c.t.a.pipeline.AssessmentPipeline traceId=848036de-7297-4a5b-b2d4-afc135fd7317 - Pipeline step start: FuseScoresStep
2026-02-03 12:45:42.748 [http-nio-8080-exec-4] DEBUG c.t.a.pipeline.AssessmentPipeline traceId=848036de-7297-4a5b-b2d4-afc135fd7317 - Pipeline step done: FuseScoresStep
2026-02-03 12:45:42.748 [http-nio-8080-exec-4] DEBUG c.t.a.pipeline.AssessmentPipeline traceId=848036de-7297-4a5b-b2d4-afc135fd7317 - Pipeline step start: MapGradeStep
2026-02-03 12:45:42.748 [http-nio-8080-exec-4] DEBUG c.t.a.pipeline.AssessmentPipeline traceId=848036de-7297-4a5b-b2d4-afc135fd7317 - Pipeline step done: MapGradeStep
2026-02-03 12:45:42.748 [http-nio-8080-exec-4] DEBUG c.t.a.pipeline.AssessmentPipeline traceId=848036de-7297-4a5b-b2d4-afc135fd7317 - Pipeline step start: BuildContributionsStep
2026-02-03 12:45:42.749 [http-nio-8080-exec-4] DEBUG c.t.a.pipeline.AssessmentPipeline traceId=848036de-7297-4a5b-b2d4-afc135fd7317 - Pipeline step done: BuildContributionsStep
2026-02-03 12:45:42.749 [http-nio-8080-exec-4] DEBUG c.t.a.pipeline.AssessmentPipeline traceId=848036de-7297-4a5b-b2d4-afc135fd7317 - Pipeline step start: BuildResultStep
2026-02-03 12:45:42.749 [http-nio-8080-exec-4] DEBUG c.t.a.pipeline.AssessmentPipeline traceId=848036de-7297-4a5b-b2d4-afc135fd7317 - Pipeline step done: BuildResultStep
2026-02-03 12:45:42.761 [http-nio-8080-exec-4] INFO  com.triad.api.logging.TraceIdFilter traceId= - Request end: POST /api/assessment -> 200 (83 ms)
2026-02-03 12:45:46.264 [http-nio-8080-exec-6] INFO  com.triad.api.logging.TraceIdFilter traceId=e615b4b5-9800-4baf-bf8e-85e6161e4d23 - Request start: GET /api/trace/848036de-7297-4a5b-b2d4-afc135fd7317
2026-02-03 12:45:46.267 [http-nio-8080-exec-6] INFO  com.triad.api.logging.TraceIdFilter traceId=e615b4b5-9800-4baf-bf8e-85e6161e4d23 - Request end: GET /api/trace/848036de-7297-4a5b-b2d4-afc135fd7317 -> 200 (2 ms)
2026-02-03 12:46:05.561 [SpringApplicationShutdownHook] INFO  o.s.boot.tomcat.GracefulShutdown traceId= - Commencing graceful shutdown. Waiting for active requests to complete
2026-02-03 12:46:05.566 [tomcat-shutdown] INFO  o.s.boot.tomcat.GracefulShutdown traceId= - Graceful shutdown complete
2026-02-03 12:58:39.225 [main] INFO  com.triad.TriadApplication traceId= - Starting TriadApplication using Java 21.0.10 with PID 55481 (/Users/nicolaboffoli/Documents/GitHub/EdmAlg/target/classes started by nicolaboffoli in /Users/nicolaboffoli/Documents/GitHub/EdmAlg)
2026-02-03 12:58:39.228 [main] INFO  com.triad.TriadApplication traceId= - No active profile set, falling back to 1 default profile: "default"
2026-02-03 12:58:39.337 [background-preinit] INFO  o.h.validator.internal.util.Version traceId= - HV000001: Hibernate Validator 9.0.1.Final
2026-02-03 12:58:39.504 [main] INFO  o.s.boot.tomcat.TomcatWebServer traceId= - Tomcat initialized with port 8080 (http)
2026-02-03 12:58:39.508 [main] INFO  o.a.coyote.http11.Http11NioProtocol traceId= - Initializing ProtocolHandler ["http-nio-8080"]
2026-02-03 12:58:39.509 [main] INFO  o.a.catalina.core.StandardService traceId= - Starting service [Tomcat]
2026-02-03 12:58:39.509 [main] INFO  o.a.catalina.core.StandardEngine traceId= - Starting Servlet engine: [Apache Tomcat/11.0.15]
2026-02-03 12:58:39.524 [main] INFO  o.s.b.w.c.s.WebApplicationContextInitializer traceId= - Root WebApplicationContext: initialization completed in 283 ms
2026-02-03 12:58:39.713 [main] INFO  o.a.coyote.http11.Http11NioProtocol traceId= - Starting ProtocolHandler ["http-nio-8080"]
2026-02-03 12:58:39.725 [main] INFO  o.s.boot.tomcat.TomcatWebServer traceId= - Tomcat started on port 8080 (http) with context path '/'
2026-02-03 12:58:39.728 [main] INFO  com.triad.TriadApplication traceId= - Started TriadApplication in 0.663 seconds (process running for 0.781)
2026-02-03 12:58:39.728 [main] WARN  o.s.c.events.SpringDocAppInitializer traceId= - SpringDoc /v3/api-docs endpoint is enabled by default. To disable it in production, set the property 'springdoc.api-docs.enabled=false'
2026-02-03 12:58:39.729 [main] WARN  o.s.c.events.SpringDocAppInitializer traceId= - SpringDoc /swagger-ui.html endpoint is enabled by default. To disable it in production, set the property 'springdoc.swagger-ui.enabled=false'
2026-02-03 12:58:48.076 [http-nio-8080-exec-1] INFO  o.a.c.c.C.[Tomcat].[localhost].[/] traceId= - Initializing Spring DispatcherServlet 'dispatcherServlet'
2026-02-03 12:58:48.076 [http-nio-8080-exec-1] INFO  o.s.web.servlet.DispatcherServlet traceId= - Initializing Servlet 'dispatcherServlet'
2026-02-03 12:58:48.077 [http-nio-8080-exec-1] INFO  o.s.web.servlet.DispatcherServlet traceId= - Completed initialization in 1 ms
2026-02-03 12:58:48.079 [http-nio-8080-exec-1] INFO  com.triad.api.logging.TraceIdFilter traceId=45381cee-92bc-476d-b07b-f2c6e1253d58 - Request start: GET /api/health
2026-02-03 12:58:48.112 [http-nio-8080-exec-1] INFO  com.triad.api.logging.TraceIdFilter traceId=45381cee-92bc-476d-b07b-f2c6e1253d58 - Request end: GET /api/health -> 200 (32 ms)
2026-02-03 12:58:48.121 [http-nio-8080-exec-2] INFO  com.triad.api.logging.TraceIdFilter traceId=9da3574b-8fe4-4dda-bbee-47621bdc35c8 - Request start: GET /api/trace/stats
2026-02-03 12:58:48.136 [http-nio-8080-exec-2] INFO  com.triad.api.logging.TraceIdFilter traceId=9da3574b-8fe4-4dda-bbee-47621bdc35c8 - Request end: GET /api/trace/stats -> 200 (15 ms)
2026-02-03 12:58:52.656 [http-nio-8080-exec-4] INFO  com.triad.api.logging.TraceIdFilter traceId=d536fce1-4acd-445f-a718-c4c9c3113793 - Request start: POST /api/assessment
2026-02-03 12:58:52.727 [http-nio-8080-exec-4] DEBUG c.t.a.pipeline.AssessmentPipeline traceId=0eedd342-4ad7-4951-a9dc-d7201e8f9109 - Pipeline step start: ValidateInputStep
2026-02-03 12:58:52.728 [http-nio-8080-exec-4] DEBUG c.t.a.pipeline.AssessmentPipeline traceId=0eedd342-4ad7-4951-a9dc-d7201e8f9109 - Pipeline step done: ValidateInputStep
2026-02-03 12:58:52.728 [http-nio-8080-exec-4] DEBUG c.t.a.pipeline.AssessmentPipeline traceId=0eedd342-4ad7-4951-a9dc-d7201e8f9109 - Pipeline step start: NormalizeIndicatorsStep
2026-02-03 12:58:52.729 [http-nio-8080-exec-4] DEBUG c.t.a.pipeline.AssessmentPipeline traceId=0eedd342-4ad7-4951-a9dc-d7201e8f9109 - Pipeline step done: NormalizeIndicatorsStep
2026-02-03 12:58:52.729 [http-nio-8080-exec-4] DEBUG c.t.a.pipeline.AssessmentPipeline traceId=0eedd342-4ad7-4951-a9dc-d7201e8f9109 - Pipeline step start: AggregateAxesStep
2026-02-03 12:58:52.730 [http-nio-8080-exec-4] DEBUG c.t.a.pipeline.AssessmentPipeline traceId=0eedd342-4ad7-4951-a9dc-d7201e8f9109 - Pipeline step done: AggregateAxesStep
2026-02-03 12:58:52.730 [http-nio-8080-exec-4] DEBUG c.t.a.pipeline.AssessmentPipeline traceId=0eedd342-4ad7-4951-a9dc-d7201e8f9109 - Pipeline step start: CheckAvailabilityStep
2026-02-03 12:58:52.730 [http-nio-8080-exec-4] DEBUG c.t.a.pipeline.AssessmentPipeline traceId=0eedd342-4ad7-4951-a9dc-d7201e8f9109 - Pipeline step done: CheckAvailabilityStep
2026-02-03 12:58:52.730 [http-nio-8080-exec-4] DEBUG c.t.a.pipeline.AssessmentPipeline traceId=0eedd342-4ad7-4951-a9dc-d7201e8f9109 - Pipeline step start: RenormalizeWeightsStep
2026-02-03 12:58:52.730 [http-nio-8080-exec-4] DEBUG c.t.a.pipeline.AssessmentPipeline traceId=0eedd342-4ad7-4951-a9dc-d7201e8f9109 - Pipeline step done: RenormalizeWeightsStep
2026-02-03 12:58:52.730 [http-nio-8080-exec-4] DEBUG c.t.a.pipeline.AssessmentPipeline traceId=0eedd342-4ad7-4951-a9dc-d7201e8f9109 - Pipeline step start: FuseScoresStep
2026-02-03 12:58:52.730 [http-nio-8080-exec-4] DEBUG c.t.a.pipeline.AssessmentPipeline traceId=0eedd342-4ad7-4951-a9dc-d7201e8f9109 - Pipeline step done: FuseScoresStep
2026-02-03 12:58:52.730 [http-nio-8080-exec-4] DEBUG c.t.a.pipeline.AssessmentPipeline traceId=0eedd342-4ad7-4951-a9dc-d7201e8f9109 - Pipeline step start: MapGradeStep
2026-02-03 12:58:52.730 [http-nio-8080-exec-4] DEBUG c.t.a.pipeline.AssessmentPipeline traceId=0eedd342-4ad7-4951-a9dc-d7201e8f9109 - Pipeline step done: MapGradeStep
2026-02-03 12:58:52.730 [http-nio-8080-exec-4] DEBUG c.t.a.pipeline.AssessmentPipeline traceId=0eedd342-4ad7-4951-a9dc-d7201e8f9109 - Pipeline step start: BuildContributionsStep
2026-02-03 12:58:52.731 [http-nio-8080-exec-4] DEBUG c.t.a.pipeline.AssessmentPipeline traceId=0eedd342-4ad7-4951-a9dc-d7201e8f9109 - Pipeline step done: BuildContributionsStep
2026-02-03 12:58:52.731 [http-nio-8080-exec-4] DEBUG c.t.a.pipeline.AssessmentPipeline traceId=0eedd342-4ad7-4951-a9dc-d7201e8f9109 - Pipeline step start: BuildResultStep
2026-02-03 12:58:52.731 [http-nio-8080-exec-4] DEBUG c.t.a.pipeline.AssessmentPipeline traceId=0eedd342-4ad7-4951-a9dc-d7201e8f9109 - Pipeline step done: BuildResultStep
2026-02-03 12:58:52.745 [http-nio-8080-exec-4] INFO  com.triad.api.logging.TraceIdFilter traceId= - Request end: POST /api/assessment -> 200 (89 ms)
2026-02-03 12:58:58.742 [http-nio-8080-exec-6] INFO  com.triad.api.logging.TraceIdFilter traceId=67d5840b-bb2e-4821-98a6-3927aa0e89ce - Request start: GET /api/trace/0eedd342-4ad7-4951-a9dc-d7201e8f9109
2026-02-03 12:58:58.745 [http-nio-8080-exec-6] INFO  com.triad.api.logging.TraceIdFilter traceId=67d5840b-bb2e-4821-98a6-3927aa0e89ce - Request end: GET /api/trace/0eedd342-4ad7-4951-a9dc-d7201e8f9109 -> 200 (3 ms)
2026-02-03 12:59:44.604 [SpringApplicationShutdownHook] INFO  o.s.boot.tomcat.GracefulShutdown traceId= - Commencing graceful shutdown. Waiting for active requests to complete
2026-02-03 12:59:44.611 [tomcat-shutdown] INFO  o.s.boot.tomcat.GracefulShutdown traceId= - Graceful shutdown complete
2026-02-03 15:22:34.786 [main] INFO  com.triad.TriadApplication traceId= - Starting TriadApplication using Java 21.0.10 with PID 89869 (/Users/nicolaboffoli/Documents/GitHub/EdmAlg/target/classes started by nicolaboffoli in /Users/nicolaboffoli/Documents/GitHub/EdmAlg)
2026-02-03 15:22:34.789 [main] INFO  com.triad.TriadApplication traceId= - No active profile set, falling back to 1 default profile: "default"
2026-02-03 15:22:34.996 [background-preinit] INFO  o.h.validator.internal.util.Version traceId= - HV000001: Hibernate Validator 9.0.1.Final
2026-02-03 15:22:35.302 [main] INFO  o.s.boot.tomcat.TomcatWebServer traceId= - Tomcat initialized with port 8080 (http)
2026-02-03 15:22:35.312 [main] INFO  o.a.coyote.http11.Http11NioProtocol traceId= - Initializing ProtocolHandler ["http-nio-8080"]
2026-02-03 15:22:35.313 [main] INFO  o.a.catalina.core.StandardService traceId= - Starting service [Tomcat]
2026-02-03 15:22:35.313 [main] INFO  o.a.catalina.core.StandardEngine traceId= - Starting Servlet engine: [Apache Tomcat/11.0.15]
2026-02-03 15:22:35.342 [main] INFO  o.s.b.w.c.s.WebApplicationContextInitializer traceId= - Root WebApplicationContext: initialization completed in 529 ms
2026-02-03 15:22:35.678 [main] INFO  o.a.coyote.http11.Http11NioProtocol traceId= - Starting ProtocolHandler ["http-nio-8080"]
2026-02-03 15:22:35.699 [main] INFO  o.s.boot.tomcat.TomcatWebServer traceId= - Tomcat started on port 8080 (http) with context path '/'
2026-02-03 15:22:35.704 [main] INFO  com.triad.TriadApplication traceId= - Started TriadApplication in 1.209 seconds (process running for 1.414)
2026-02-03 15:22:35.706 [main] WARN  o.s.c.events.SpringDocAppInitializer traceId= - SpringDoc /v3/api-docs endpoint is enabled by default. To disable it in production, set the property 'springdoc.api-docs.enabled=false'
2026-02-03 15:22:35.706 [main] WARN  o.s.c.events.SpringDocAppInitializer traceId= - SpringDoc /swagger-ui.html endpoint is enabled by default. To disable it in production, set the property 'springdoc.swagger-ui.enabled=false'
2026-02-03 15:22:38.624 [http-nio-8080-exec-1] INFO  o.a.c.c.C.[Tomcat].[localhost].[/] traceId= - Initializing Spring DispatcherServlet 'dispatcherServlet'
2026-02-03 15:22:38.624 [http-nio-8080-exec-1] INFO  o.s.web.servlet.DispatcherServlet traceId= - Initializing Servlet 'dispatcherServlet'
2026-02-03 15:22:38.625 [http-nio-8080-exec-1] INFO  o.s.web.servlet.DispatcherServlet traceId= - Completed initialization in 1 ms
2026-02-03 15:22:38.627 [http-nio-8080-exec-1] INFO  com.triad.api.logging.TraceIdFilter traceId=651d54ec-8cb5-40ae-b260-1b14ac9147e0 - Request start: GET /api/health
2026-02-03 15:22:38.674 [http-nio-8080-exec-1] INFO  com.triad.api.logging.TraceIdFilter traceId=651d54ec-8cb5-40ae-b260-1b14ac9147e0 - Request end: GET /api/health -> 200 (47 ms)
2026-02-03 15:22:38.686 [http-nio-8080-exec-2] INFO  com.triad.api.logging.TraceIdFilter traceId=bc727dc5-a88c-44d6-92f0-2a8a319a330f - Request start: GET /api/trace/stats
2026-02-03 15:22:38.711 [http-nio-8080-exec-2] INFO  com.triad.api.logging.TraceIdFilter traceId=bc727dc5-a88c-44d6-92f0-2a8a319a330f - Request end: GET /api/trace/stats -> 200 (25 ms)
2026-02-03 15:22:44.692 [http-nio-8080-exec-4] INFO  com.triad.api.logging.TraceIdFilter traceId=d4acf820-bc84-43ae-8826-6c47a19852cf - Request start: POST /api/assessment
2026-02-03 15:22:44.803 [http-nio-8080-exec-4] DEBUG c.t.a.pipeline.AssessmentPipeline traceId=317db31e-1474-400a-9030-5c695d4b273a - Pipeline step start: ValidateInputStep
2026-02-03 15:22:44.803 [http-nio-8080-exec-4] DEBUG c.t.a.pipeline.AssessmentPipeline traceId=317db31e-1474-400a-9030-5c695d4b273a - Pipeline step done: ValidateInputStep
2026-02-03 15:22:44.803 [http-nio-8080-exec-4] DEBUG c.t.a.pipeline.AssessmentPipeline traceId=317db31e-1474-400a-9030-5c695d4b273a - Pipeline step start: NormalizeIndicatorsStep
2026-02-03 15:22:44.805 [http-nio-8080-exec-4] DEBUG c.t.a.pipeline.AssessmentPipeline traceId=317db31e-1474-400a-9030-5c695d4b273a - Pipeline step done: NormalizeIndicatorsStep
2026-02-03 15:22:44.805 [http-nio-8080-exec-4] DEBUG c.t.a.pipeline.AssessmentPipeline traceId=317db31e-1474-400a-9030-5c695d4b273a - Pipeline step start: AggregateAxesStep
2026-02-03 15:22:44.805 [http-nio-8080-exec-4] DEBUG c.t.a.pipeline.AssessmentPipeline traceId=317db31e-1474-400a-9030-5c695d4b273a - Pipeline step done: AggregateAxesStep
2026-02-03 15:22:44.805 [http-nio-8080-exec-4] DEBUG c.t.a.pipeline.AssessmentPipeline traceId=317db31e-1474-400a-9030-5c695d4b273a - Pipeline step start: CheckAvailabilityStep
2026-02-03 15:22:44.805 [http-nio-8080-exec-4] DEBUG c.t.a.pipeline.AssessmentPipeline traceId=317db31e-1474-400a-9030-5c695d4b273a - Pipeline step done: CheckAvailabilityStep
2026-02-03 15:22:44.805 [http-nio-8080-exec-4] DEBUG c.t.a.pipeline.AssessmentPipeline traceId=317db31e-1474-400a-9030-5c695d4b273a - Pipeline step start: RenormalizeWeightsStep
2026-02-03 15:22:44.806 [http-nio-8080-exec-4] DEBUG c.t.a.pipeline.AssessmentPipeline traceId=317db31e-1474-400a-9030-5c695d4b273a - Pipeline step done: RenormalizeWeightsStep
2026-02-03 15:22:44.806 [http-nio-8080-exec-4] DEBUG c.t.a.pipeline.AssessmentPipeline traceId=317db31e-1474-400a-9030-5c695d4b273a - Pipeline step start: FuseScoresStep
2026-02-03 15:22:44.807 [http-nio-8080-exec-4] DEBUG c.t.a.pipeline.AssessmentPipeline traceId=317db31e-1474-400a-9030-5c695d4b273a - Pipeline step done: FuseScoresStep
2026-02-03 15:22:44.807 [http-nio-8080-exec-4] DEBUG c.t.a.pipeline.AssessmentPipeline traceId=317db31e-1474-400a-9030-5c695d4b273a - Pipeline step start: MapGradeStep
2026-02-03 15:22:44.807 [http-nio-8080-exec-4] DEBUG c.t.a.pipeline.AssessmentPipeline traceId=317db31e-1474-400a-9030-5c695d4b273a - Pipeline step done: MapGradeStep
2026-02-03 15:22:44.807 [http-nio-8080-exec-4] DEBUG c.t.a.pipeline.AssessmentPipeline traceId=317db31e-1474-400a-9030-5c695d4b273a - Pipeline step start: BuildContributionsStep
2026-02-03 15:22:44.808 [http-nio-8080-exec-4] DEBUG c.t.a.pipeline.AssessmentPipeline traceId=317db31e-1474-400a-9030-5c695d4b273a - Pipeline step done: BuildContributionsStep
2026-02-03 15:22:44.808 [http-nio-8080-exec-4] DEBUG c.t.a.pipeline.AssessmentPipeline traceId=317db31e-1474-400a-9030-5c695d4b273a - Pipeline step start: BuildResultStep
2026-02-03 15:22:44.808 [http-nio-8080-exec-4] DEBUG c.t.a.pipeline.AssessmentPipeline traceId=317db31e-1474-400a-9030-5c695d4b273a - Pipeline step done: BuildResultStep
2026-02-03 15:22:44.829 [http-nio-8080-exec-4] INFO  com.triad.api.logging.TraceIdFilter traceId= - Request end: POST /api/assessment -> 200 (137 ms)
2026-02-03 15:22:50.938 [http-nio-8080-exec-6] INFO  com.triad.api.logging.TraceIdFilter traceId=273a2ad6-674f-4882-aa6e-e7815e4e196d - Request start: GET /api/trace/317db31e-1474-400a-9030-5c695d4b273a
2026-02-03 15:22:50.942 [http-nio-8080-exec-6] INFO  com.triad.api.logging.TraceIdFilter traceId=273a2ad6-674f-4882-aa6e-e7815e4e196d - Request end: GET /api/trace/317db31e-1474-400a-9030-5c695d4b273a -> 200 (3 ms)
2026-02-03 15:23:58.097 [SpringApplicationShutdownHook] INFO  o.s.boot.tomcat.GracefulShutdown traceId= - Commencing graceful shutdown. Waiting for active requests to complete
2026-02-03 15:23:58.106 [tomcat-shutdown] INFO  o.s.boot.tomcat.GracefulShutdown traceId= - Graceful shutdown complete
2026-02-03 15:24:46.806 [main] INFO  com.triad.TriadApplication traceId= - Starting TriadApplication using Java 21.0.10 with PID 90627 (/Users/nicolaboffoli/Documents/GitHub/EdmAlg/target/classes started by nicolaboffoli in /Users/nicolaboffoli/Documents/GitHub/EdmAlg)
2026-02-03 15:24:46.809 [main] INFO  com.triad.TriadApplication traceId= - No active profile set, falling back to 1 default profile: "default"
2026-02-03 15:24:47.092 [background-preinit] INFO  o.h.validator.internal.util.Version traceId= - HV000001: Hibernate Validator 9.0.1.Final
2026-02-03 15:24:47.600 [main] INFO  o.s.boot.tomcat.TomcatWebServer traceId= - Tomcat initialized with port 8080 (http)
2026-02-03 15:24:47.610 [main] INFO  o.a.coyote.http11.Http11NioProtocol traceId= - Initializing ProtocolHandler ["http-nio-8080"]
2026-02-03 15:24:47.611 [main] INFO  o.a.catalina.core.StandardService traceId= - Starting service [Tomcat]
2026-02-03 15:24:47.611 [main] INFO  o.a.catalina.core.StandardEngine traceId= - Starting Servlet engine: [Apache Tomcat/11.0.15]
2026-02-03 15:24:47.642 [main] INFO  o.s.b.w.c.s.WebApplicationContextInitializer traceId= - Root WebApplicationContext: initialization completed in 798 ms
2026-02-03 15:24:48.024 [main] INFO  o.a.coyote.http11.Http11NioProtocol traceId= - Starting ProtocolHandler ["http-nio-8080"]
2026-02-03 15:24:48.049 [main] INFO  o.s.boot.tomcat.TomcatWebServer traceId= - Tomcat started on port 8080 (http) with context path '/'
2026-02-03 15:24:48.055 [main] INFO  com.triad.TriadApplication traceId= - Started TriadApplication in 1.58 seconds (process running for 1.826)
2026-02-03 15:24:48.058 [main] WARN  o.s.c.events.SpringDocAppInitializer traceId= - SpringDoc /v3/api-docs endpoint is enabled by default. To disable it in production, set the property 'springdoc.api-docs.enabled=false'
2026-02-03 15:24:48.059 [main] WARN  o.s.c.events.SpringDocAppInitializer traceId= - SpringDoc /swagger-ui.html endpoint is enabled by default. To disable it in production, set the property 'springdoc.swagger-ui.enabled=false'
2026-02-03 15:25:34.901 [http-nio-8080-exec-1] INFO  o.a.c.c.C.[Tomcat].[localhost].[/] traceId= - Initializing Spring DispatcherServlet 'dispatcherServlet'
2026-02-03 15:25:34.902 [http-nio-8080-exec-1] INFO  o.s.web.servlet.DispatcherServlet traceId= - Initializing Servlet 'dispatcherServlet'
2026-02-03 15:25:34.904 [http-nio-8080-exec-1] INFO  o.s.web.servlet.DispatcherServlet traceId= - Completed initialization in 1 ms
2026-02-03 15:25:34.908 [http-nio-8080-exec-1] INFO  com.triad.api.logging.TraceIdFilter traceId=074ce330-d5a6-4183-8c1c-304cd9542291 - Request start: GET /swagger-ui.html
2026-02-03 15:25:34.963 [http-nio-8080-exec-1] INFO  com.triad.api.logging.TraceIdFilter traceId=074ce330-d5a6-4183-8c1c-304cd9542291 - Request end: GET /swagger-ui.html -> 302 (54 ms)
2026-02-03 15:25:34.971 [http-nio-8080-exec-2] INFO  com.triad.api.logging.TraceIdFilter traceId=0803d3f2-9f0d-41c1-b00d-2a49c9070bca - Request start: GET /swagger-ui/index.html
2026-02-03 15:25:34.979 [http-nio-8080-exec-2] INFO  com.triad.api.logging.TraceIdFilter traceId=0803d3f2-9f0d-41c1-b00d-2a49c9070bca - Request end: GET /swagger-ui/index.html -> 200 (8 ms)
2026-02-03 15:25:35.259 [http-nio-8080-exec-3] INFO  com.triad.api.logging.TraceIdFilter traceId=79ccba2c-8736-4cd2-a9a7-432a376d7886 - Request start: GET /swagger-ui/swagger-ui.css
2026-02-03 15:25:35.262 [http-nio-8080-exec-3] INFO  com.triad.api.logging.TraceIdFilter traceId=79ccba2c-8736-4cd2-a9a7-432a376d7886 - Request end: GET /swagger-ui/swagger-ui.css -> 200 (3 ms)
2026-02-03 15:25:35.265 [http-nio-8080-exec-4] INFO  com.triad.api.logging.TraceIdFilter traceId=d7e1f1be-2317-4834-8211-d247f4579737 - Request start: GET /swagger-ui/index.css
2026-02-03 15:25:35.266 [http-nio-8080-exec-5] INFO  com.triad.api.logging.TraceIdFilter traceId=3a68844c-8e82-4bd3-bcb6-38304845a517 - Request start: GET /swagger-ui/swagger-ui-bundle.js
2026-02-03 15:25:35.266 [http-nio-8080-exec-4] INFO  com.triad.api.logging.TraceIdFilter traceId=d7e1f1be-2317-4834-8211-d247f4579737 - Request end: GET /swagger-ui/index.css -> 200 (1 ms)
2026-02-03 15:25:35.267 [http-nio-8080-exec-6] INFO  com.triad.api.logging.TraceIdFilter traceId=068c6fd7-dc79-4b25-a535-a63a6cb113fa - Request start: GET /swagger-ui/swagger-ui-standalone-preset.js
2026-02-03 15:25:35.267 [http-nio-8080-exec-7] INFO  com.triad.api.logging.TraceIdFilter traceId=dc2d03ba-a910-4363-81c7-6a759bb21af6 - Request start: GET /swagger-ui/swagger-initializer.js
2026-02-03 15:25:35.272 [http-nio-8080-exec-6] INFO  com.triad.api.logging.TraceIdFilter traceId=068c6fd7-dc79-4b25-a535-a63a6cb113fa - Request end: GET /swagger-ui/swagger-ui-standalone-preset.js -> 200 (5 ms)
2026-02-03 15:25:35.279 [http-nio-8080-exec-5] INFO  com.triad.api.logging.TraceIdFilter traceId=3a68844c-8e82-4bd3-bcb6-38304845a517 - Request end: GET /swagger-ui/swagger-ui-bundle.js -> 200 (12 ms)
2026-02-03 15:25:35.289 [http-nio-8080-exec-7] INFO  com.triad.api.logging.TraceIdFilter traceId=dc2d03ba-a910-4363-81c7-6a759bb21af6 - Request end: GET /swagger-ui/swagger-initializer.js -> 200 (21 ms)
2026-02-03 15:25:35.394 [http-nio-8080-exec-8] INFO  com.triad.api.logging.TraceIdFilter traceId=4a2f59b7-ccd3-46d5-a446-d7d3f29cd06c - Request start: GET /v3/api-docs/swagger-config
2026-02-03 15:25:35.396 [http-nio-8080-exec-9] INFO  com.triad.api.logging.TraceIdFilter traceId=35dc86e6-5995-44f0-a6cb-0e20b1aa0a8b - Request start: GET /swagger-ui/favicon-32x32.png
2026-02-03 15:25:35.396 [http-nio-8080-exec-10] INFO  com.triad.api.logging.TraceIdFilter traceId=16c70cc1-1bd2-475f-ac33-b3f45dbbce5e - Request start: GET /swagger-ui/favicon-16x16.png
2026-02-03 15:25:35.398 [http-nio-8080-exec-10] INFO  com.triad.api.logging.TraceIdFilter traceId=16c70cc1-1bd2-475f-ac33-b3f45dbbce5e - Request end: GET /swagger-ui/favicon-16x16.png -> 200 (1 ms)
2026-02-03 15:25:35.398 [http-nio-8080-exec-9] INFO  com.triad.api.logging.TraceIdFilter traceId=35dc86e6-5995-44f0-a6cb-0e20b1aa0a8b - Request end: GET /swagger-ui/favicon-32x32.png -> 200 (1 ms)
2026-02-03 15:25:35.419 [http-nio-8080-exec-8] INFO  com.triad.api.logging.TraceIdFilter traceId=4a2f59b7-ccd3-46d5-a446-d7d3f29cd06c - Request end: GET /v3/api-docs/swagger-config -> 200 (24 ms)
2026-02-03 15:25:35.430 [http-nio-8080-exec-1] INFO  com.triad.api.logging.TraceIdFilter traceId=c96ca0ce-9c1f-4199-a189-06aff34ae18e - Request start: GET /v3/api-docs
2026-02-03 15:25:35.830 [http-nio-8080-exec-1] INFO  o.s.api.AbstractOpenApiResource traceId=c96ca0ce-9c1f-4199-a189-06aff34ae18e - Init duration for springdoc-openapi is: 385 ms
2026-02-03 15:25:35.848 [http-nio-8080-exec-1] INFO  com.triad.api.logging.TraceIdFilter traceId=c96ca0ce-9c1f-4199-a189-06aff34ae18e - Request end: GET /v3/api-docs -> 200 (417 ms)
2026-02-03 15:25:42.912 [http-nio-8080-exec-2] INFO  com.triad.api.logging.TraceIdFilter traceId=5f9a5c61-414b-485c-af71-49c28ca65efd - Request start: GET /api/trace/stats
2026-02-03 15:25:42.932 [http-nio-8080-exec-2] INFO  com.triad.api.logging.TraceIdFilter traceId=5f9a5c61-414b-485c-af71-49c28ca65efd - Request end: GET /api/trace/stats -> 200 (20 ms)
2026-02-03 15:25:56.233 [http-nio-8080-exec-3] INFO  com.triad.api.logging.TraceIdFilter traceId=9c09275b-0b8e-41c9-8325-31f124945b34 - Request start: GET /api/health
2026-02-03 15:25:56.236 [http-nio-8080-exec-3] INFO  com.triad.api.logging.TraceIdFilter traceId=9c09275b-0b8e-41c9-8325-31f124945b34 - Request end: GET /api/health -> 200 (3 ms)
2026-02-03 15:26:23.415 [http-nio-8080-exec-9] INFO  com.triad.api.logging.TraceIdFilter traceId=555ad271-e555-4185-8d87-6cab78a237d2 - Request start: POST /api/assessment
2026-02-03 15:26:23.515 [http-nio-8080-exec-9] INFO  com.triad.api.logging.TraceIdFilter traceId=555ad271-e555-4185-8d87-6cab78a237d2 - Request end: POST /api/assessment -> 400 (100 ms)
2026-02-03 15:34:02.891 [http-nio-8080-exec-10] INFO  com.triad.api.logging.TraceIdFilter traceId=d91075c1-5ac8-49c9-84fd-8154a28be684 - Request start: GET /swagger-ui/swagger-initializer.js
2026-02-03 15:34:02.894 [http-nio-8080-exec-10] INFO  com.triad.api.logging.TraceIdFilter traceId=d91075c1-5ac8-49c9-84fd-8154a28be684 - Request end: GET /swagger-ui/swagger-initializer.js -> 200 (2 ms)
2026-02-03 15:34:02.912 [http-nio-8080-exec-8] INFO  com.triad.api.logging.TraceIdFilter traceId=3d25c69e-6ede-4a4a-8f17-c9311bac87d5 - Request start: GET /v3/api-docs/swagger-config
2026-02-03 15:34:02.913 [http-nio-8080-exec-8] INFO  com.triad.api.logging.TraceIdFilter traceId=3d25c69e-6ede-4a4a-8f17-c9311bac87d5 - Request end: GET /v3/api-docs/swagger-config -> 200 (1 ms)
2026-02-03 15:34:02.921 [http-nio-8080-exec-1] INFO  com.triad.api.logging.TraceIdFilter traceId=191edf82-f591-4c42-afa2-bc18ec860ac0 - Request start: GET /v3/api-docs
2026-02-03 15:34:02.926 [http-nio-8080-exec-1] INFO  com.triad.api.logging.TraceIdFilter traceId=191edf82-f591-4c42-afa2-bc18ec860ac0 - Request end: GET /v3/api-docs -> 200 (5 ms)
2026-02-03 15:34:06.105 [main] INFO  com.triad.TriadApplication traceId= - Starting TriadApplication using Java 21.0.10 with PID 93147 (/Users/nicolaboffoli/Documents/GitHub/EdmAlg/target/classes started by nicolaboffoli in /Users/nicolaboffoli/Documents/GitHub/EdmAlg)
2026-02-03 15:34:06.107 [main] INFO  com.triad.TriadApplication traceId= - No active profile set, falling back to 1 default profile: "default"
2026-02-03 15:34:06.305 [background-preinit] INFO  o.h.validator.internal.util.Version traceId= - HV000001: Hibernate Validator 9.0.1.Final
2026-02-03 15:34:06.647 [main] INFO  o.s.boot.tomcat.TomcatWebServer traceId= - Tomcat initialized with port 8080 (http)
2026-02-03 15:34:06.656 [main] INFO  o.a.coyote.http11.Http11NioProtocol traceId= - Initializing ProtocolHandler ["http-nio-8080"]
2026-02-03 15:34:06.657 [main] INFO  o.a.catalina.core.StandardService traceId= - Starting service [Tomcat]
2026-02-03 15:34:06.657 [main] INFO  o.a.catalina.core.StandardEngine traceId= - Starting Servlet engine: [Apache Tomcat/11.0.15]
2026-02-03 15:34:06.688 [main] INFO  o.s.b.w.c.s.WebApplicationContextInitializer traceId= - Root WebApplicationContext: initialization completed in 559 ms
2026-02-03 15:34:07.034 [main] INFO  o.a.coyote.http11.Http11NioProtocol traceId= - Starting ProtocolHandler ["http-nio-8080"]
2026-02-03 15:34:07.046 [main] WARN  o.s.b.w.s.s.c.AnnotationConfigServletWebServerApplicationContext traceId= - Exception encountered during context initialization - cancelling refresh attempt: org.springframework.context.ApplicationContextException: Failed to start bean 'webServerStartStop'
2026-02-03 15:34:07.054 [main] INFO  o.s.b.a.l.ConditionEvaluationReportLogger traceId= - 

Error starting ApplicationContext. To display the condition evaluation report re-run your application with 'debug' enabled.
2026-02-03 15:34:07.060 [main] ERROR o.s.b.d.LoggingFailureAnalysisReporter traceId= - 

***************************
APPLICATION FAILED TO START
***************************

Description:

Web server failed to start. Port 8080 was already in use.

Action:

Identify and stop the process that's listening on port 8080 or configure this application to listen on another port.

2026-02-03 15:34:12.756 [http-nio-8080-exec-2] INFO  com.triad.api.logging.TraceIdFilter traceId=2820599c-bc94-4f55-9822-4938363580f2 - Request start: GET /openapi/triad.openapi.yaml
2026-02-03 15:34:12.768 [http-nio-8080-exec-2] INFO  com.triad.api.logging.TraceIdFilter traceId=2820599c-bc94-4f55-9822-4938363580f2 - Request end: GET /openapi/triad.openapi.yaml -> 200 (11 ms)
2026-02-03 15:34:54.226 [http-nio-8080-exec-4] INFO  com.triad.api.logging.TraceIdFilter traceId=4c72a2b9-d09e-47d6-b55a-d3f731e30736 - Request start: GET /swagger-ui/swagger-initializer.js
2026-02-03 15:34:54.230 [http-nio-8080-exec-4] INFO  com.triad.api.logging.TraceIdFilter traceId=4c72a2b9-d09e-47d6-b55a-d3f731e30736 - Request end: GET /swagger-ui/swagger-initializer.js -> 200 (3 ms)
2026-02-03 15:34:54.246 [http-nio-8080-exec-6] INFO  com.triad.api.logging.TraceIdFilter traceId=1f9b44fc-6ff2-4c80-b9cc-9c86e0277ce9 - Request start: GET /v3/api-docs/swagger-config
2026-02-03 15:34:54.250 [http-nio-8080-exec-6] INFO  com.triad.api.logging.TraceIdFilter traceId=1f9b44fc-6ff2-4c80-b9cc-9c86e0277ce9 - Request end: GET /v3/api-docs/swagger-config -> 200 (4 ms)
2026-02-03 15:34:54.257 [http-nio-8080-exec-5] INFO  com.triad.api.logging.TraceIdFilter traceId=ad888fa8-528c-4677-93b8-a41ec439d0ae - Request start: GET /v3/api-docs
2026-02-03 15:34:54.264 [http-nio-8080-exec-5] INFO  com.triad.api.logging.TraceIdFilter traceId=ad888fa8-528c-4677-93b8-a41ec439d0ae - Request end: GET /v3/api-docs -> 200 (6 ms)
2026-02-03 15:35:01.189 [http-nio-8080-exec-7] INFO  com.triad.api.logging.TraceIdFilter traceId=530afe71-f7e6-4040-83ec-13a41f3e4382 - Request start: POST /api/assessment
2026-02-03 15:35:01.196 [http-nio-8080-exec-7] INFO  com.triad.api.logging.TraceIdFilter traceId=530afe71-f7e6-4040-83ec-13a41f3e4382 - Request end: POST /api/assessment -> 400 (7 ms)
2026-02-03 15:35:46.721 [http-nio-8080-exec-9] INFO  com.triad.api.logging.TraceIdFilter traceId=195a817f-253e-467c-a3f4-f2768cc80771 - Request start: GET /swagger-ui.html
2026-02-03 15:35:46.724 [http-nio-8080-exec-9] INFO  com.triad.api.logging.TraceIdFilter traceId=195a817f-253e-467c-a3f4-f2768cc80771 - Request end: GET /swagger-ui.html -> 302 (3 ms)
2026-02-03 15:35:46.733 [http-nio-8080-exec-10] INFO  com.triad.api.logging.TraceIdFilter traceId=ab451db2-ed04-45c1-90ea-4c83718f4dba - Request start: GET /swagger-ui/index.html
2026-02-03 15:35:46.736 [http-nio-8080-exec-10] INFO  com.triad.api.logging.TraceIdFilter traceId=ab451db2-ed04-45c1-90ea-4c83718f4dba - Request end: GET /swagger-ui/index.html -> 200 (2 ms)
2026-02-03 15:35:47.032 [http-nio-8080-exec-8] INFO  com.triad.api.logging.TraceIdFilter traceId=6030da98-62c2-4aff-8f55-b51e8637a310 - Request start: GET /swagger-ui/swagger-initializer.js
2026-02-03 15:35:47.035 [http-nio-8080-exec-8] INFO  com.triad.api.logging.TraceIdFilter traceId=6030da98-62c2-4aff-8f55-b51e8637a310 - Request end: GET /swagger-ui/swagger-initializer.js -> 200 (3 ms)
2026-02-03 15:35:47.046 [http-nio-8080-exec-1] INFO  com.triad.api.logging.TraceIdFilter traceId=1252f663-05ca-4eb0-956e-6e24dd35df83 - Request start: GET /v3/api-docs/swagger-config
2026-02-03 15:35:47.049 [http-nio-8080-exec-1] INFO  com.triad.api.logging.TraceIdFilter traceId=1252f663-05ca-4eb0-956e-6e24dd35df83 - Request end: GET /v3/api-docs/swagger-config -> 200 (2 ms)
2026-02-03 15:35:47.053 [http-nio-8080-exec-2] INFO  com.triad.api.logging.TraceIdFilter traceId=7e60a26a-0a33-49f8-9add-e6c53fad8f97 - Request start: GET /v3/api-docs
2026-02-03 15:35:47.059 [http-nio-8080-exec-2] INFO  com.triad.api.logging.TraceIdFilter traceId=7e60a26a-0a33-49f8-9add-e6c53fad8f97 - Request end: GET /v3/api-docs -> 200 (5 ms)
2026-02-03 15:37:18.952 [http-nio-8080-exec-4] INFO  com.triad.api.logging.TraceIdFilter traceId=d0422114-fe04-4d2f-a56b-ca23c27ad529 - Request start: GET /openapi/triad.openapi.yaml
2026-02-03 15:37:18.956 [http-nio-8080-exec-4] INFO  com.triad.api.logging.TraceIdFilter traceId=d0422114-fe04-4d2f-a56b-ca23c27ad529 - Request end: GET /openapi/triad.openapi.yaml -> 200 (3 ms)
2026-02-03 15:37:44.016 [http-nio-8080-exec-6] INFO  com.triad.api.logging.TraceIdFilter traceId=f51fe13a-b036-4997-8833-97eeaccd038a - Request start: GET /v3/api-docs/swagger-config
2026-02-03 15:37:44.018 [http-nio-8080-exec-6] INFO  com.triad.api.logging.TraceIdFilter traceId=f51fe13a-b036-4997-8833-97eeaccd038a - Request end: GET /v3/api-docs/swagger-config -> 200 (2 ms)
2026-02-03 15:37:44.035 [http-nio-8080-exec-5] INFO  com.triad.api.logging.TraceIdFilter traceId=584c5234-5049-4ff9-a83a-cefad1cb1870 - Request start: GET /v3/api-docs
2026-02-03 15:37:44.040 [http-nio-8080-exec-5] INFO  com.triad.api.logging.TraceIdFilter traceId=584c5234-5049-4ff9-a83a-cefad1cb1870 - Request end: GET /v3/api-docs -> 200 (4 ms)
2026-02-03 15:38:07.911 [http-nio-8080-exec-7] INFO  com.triad.api.logging.TraceIdFilter traceId=9e3ce55a-baa7-4b4f-a8f0-2bd6fb0a1bd3 - Request start: POST /api/assessment
2026-02-03 15:38:07.919 [http-nio-8080-exec-7] INFO  com.triad.api.logging.TraceIdFilter traceId=9e3ce55a-baa7-4b4f-a8f0-2bd6fb0a1bd3 - Request end: POST /api/assessment -> 400 (7 ms)
2026-02-03 15:39:09.537 [main] INFO  com.triad.TriadApplication traceId= - Starting TriadApplication using Java 21.0.10 with PID 94531 (/Users/nicolaboffoli/Documents/GitHub/EdmAlg/target/classes started by nicolaboffoli in /Users/nicolaboffoli/Documents/GitHub/EdmAlg)
2026-02-03 15:39:09.539 [main] INFO  com.triad.TriadApplication traceId= - No active profile set, falling back to 1 default profile: "default"
2026-02-03 15:39:09.772 [background-preinit] INFO  o.h.validator.internal.util.Version traceId= - HV000001: Hibernate Validator 9.0.1.Final
2026-02-03 15:39:10.090 [main] INFO  o.s.boot.tomcat.TomcatWebServer traceId= - Tomcat initialized with port 8080 (http)
2026-02-03 15:39:10.098 [main] INFO  o.a.coyote.http11.Http11NioProtocol traceId= - Initializing ProtocolHandler ["http-nio-8080"]
2026-02-03 15:39:10.099 [main] INFO  o.a.catalina.core.StandardService traceId= - Starting service [Tomcat]
2026-02-03 15:39:10.100 [main] INFO  o.a.catalina.core.StandardEngine traceId= - Starting Servlet engine: [Apache Tomcat/11.0.15]
2026-02-03 15:39:10.132 [main] INFO  o.s.b.w.c.s.WebApplicationContextInitializer traceId= - Root WebApplicationContext: initialization completed in 567 ms
2026-02-03 15:39:10.449 [main] INFO  o.a.coyote.http11.Http11NioProtocol traceId= - Starting ProtocolHandler ["http-nio-8080"]
2026-02-03 15:39:10.461 [main] WARN  o.s.b.w.s.s.c.AnnotationConfigServletWebServerApplicationContext traceId= - Exception encountered during context initialization - cancelling refresh attempt: org.springframework.context.ApplicationContextException: Failed to start bean 'webServerStartStop'
2026-02-03 15:39:10.468 [main] INFO  o.s.b.a.l.ConditionEvaluationReportLogger traceId= - 

Error starting ApplicationContext. To display the condition evaluation report re-run your application with 'debug' enabled.
2026-02-03 15:39:10.474 [main] ERROR o.s.b.d.LoggingFailureAnalysisReporter traceId= - 

***************************
APPLICATION FAILED TO START
***************************

Description:

Web server failed to start. Port 8080 was already in use.

Action:

Identify and stop the process that's listening on port 8080 or configure this application to listen on another port.

2026-02-03 15:39:27.588 [http-nio-8080-exec-9] INFO  com.triad.api.logging.TraceIdFilter traceId=3bc350cf-326b-4e26-a6fa-41b2acce41c8 - Request start: GET /swagger-ui.html
2026-02-03 15:39:27.591 [http-nio-8080-exec-9] INFO  com.triad.api.logging.TraceIdFilter traceId=3bc350cf-326b-4e26-a6fa-41b2acce41c8 - Request end: GET /swagger-ui.html -> 302 (3 ms)
2026-02-03 15:39:27.602 [http-nio-8080-exec-10] INFO  com.triad.api.logging.TraceIdFilter traceId=d3d3e6e1-0a2e-4db5-b314-3892b36c5b3c - Request start: GET /swagger-ui/index.html
2026-02-03 15:39:27.605 [http-nio-8080-exec-10] INFO  com.triad.api.logging.TraceIdFilter traceId=d3d3e6e1-0a2e-4db5-b314-3892b36c5b3c - Request end: GET /swagger-ui/index.html -> 200 (2 ms)
2026-02-03 15:39:27.902 [http-nio-8080-exec-8] INFO  com.triad.api.logging.TraceIdFilter traceId=862baf0e-5417-4c3b-8dbb-66b7504d4e01 - Request start: GET /swagger-ui/swagger-initializer.js
2026-02-03 15:39:27.906 [http-nio-8080-exec-8] INFO  com.triad.api.logging.TraceIdFilter traceId=862baf0e-5417-4c3b-8dbb-66b7504d4e01 - Request end: GET /swagger-ui/swagger-initializer.js -> 200 (3 ms)
2026-02-03 15:39:27.916 [http-nio-8080-exec-1] INFO  com.triad.api.logging.TraceIdFilter traceId=8b2ca083-67ea-414f-8a01-c7d333244796 - Request start: GET /v3/api-docs/swagger-config
2026-02-03 15:39:27.918 [http-nio-8080-exec-1] INFO  com.triad.api.logging.TraceIdFilter traceId=8b2ca083-67ea-414f-8a01-c7d333244796 - Request end: GET /v3/api-docs/swagger-config -> 200 (1 ms)
2026-02-03 15:39:27.922 [http-nio-8080-exec-2] INFO  com.triad.api.logging.TraceIdFilter traceId=ecf0560f-e7df-4176-a439-07dd2501e37f - Request start: GET /v3/api-docs
2026-02-03 15:39:27.927 [http-nio-8080-exec-2] INFO  com.triad.api.logging.TraceIdFilter traceId=ecf0560f-e7df-4176-a439-07dd2501e37f - Request end: GET /v3/api-docs -> 200 (4 ms)
2026-02-03 15:40:10.291 [http-nio-8080-exec-4] INFO  com.triad.api.logging.TraceIdFilter traceId=30db5ced-1c6d-403c-bcb0-99929a73b74e - Request start: GET /swagger-ui/swagger-config
2026-02-03 15:40:10.293 [http-nio-8080-exec-4] INFO  com.triad.api.logging.TraceIdFilter traceId=30db5ced-1c6d-403c-bcb0-99929a73b74e - Request end: GET /swagger-ui/swagger-config -> 404 (1 ms)
2026-02-03 15:40:14.283 [http-nio-8080-exec-5] INFO  com.triad.api.logging.TraceIdFilter traceId=fe848207-2f3f-4b76-b1af-2ffb56cad602 - Request start: POST /api/assessment
2026-02-03 15:40:14.289 [http-nio-8080-exec-5] INFO  com.triad.api.logging.TraceIdFilter traceId=fe848207-2f3f-4b76-b1af-2ffb56cad602 - Request end: POST /api/assessment -> 400 (5 ms)
2026-02-03 15:40:16.661 [http-nio-8080-exec-7] INFO  com.triad.api.logging.TraceIdFilter traceId=f5f57b4b-7bfe-4cf1-86e0-50e46394fa2f - Request start: GET /v3/api-docs/swagger-config
2026-02-03 15:40:16.662 [http-nio-8080-exec-7] INFO  com.triad.api.logging.TraceIdFilter traceId=f5f57b4b-7bfe-4cf1-86e0-50e46394fa2f - Request end: GET /v3/api-docs/swagger-config -> 200 (1 ms)
2026-02-03 15:41:16.892 [SpringApplicationShutdownHook] INFO  o.s.boot.tomcat.GracefulShutdown traceId= - Commencing graceful shutdown. Waiting for active requests to complete
2026-02-03 15:41:16.902 [tomcat-shutdown] INFO  o.s.boot.tomcat.GracefulShutdown traceId= - Graceful shutdown complete
2026-02-03 15:41:25.540 [main] INFO  com.triad.TriadApplication traceId= - Starting TriadApplication using Java 21.0.10 with PID 95289 (/Users/nicolaboffoli/Documents/GitHub/EdmAlg/target/classes started by nicolaboffoli in /Users/nicolaboffoli/Documents/GitHub/EdmAlg)
2026-02-03 15:41:25.543 [main] INFO  com.triad.TriadApplication traceId= - No active profile set, falling back to 1 default profile: "default"
2026-02-03 15:41:25.765 [background-preinit] INFO  o.h.validator.internal.util.Version traceId= - HV000001: Hibernate Validator 9.0.1.Final
2026-02-03 15:41:26.102 [main] INFO  o.s.boot.tomcat.TomcatWebServer traceId= - Tomcat initialized with port 8080 (http)
2026-02-03 15:41:26.112 [main] INFO  o.a.coyote.http11.Http11NioProtocol traceId= - Initializing ProtocolHandler ["http-nio-8080"]
2026-02-03 15:41:26.114 [main] INFO  o.a.catalina.core.StandardService traceId= - Starting service [Tomcat]
2026-02-03 15:41:26.115 [main] INFO  o.a.catalina.core.StandardEngine traceId= - Starting Servlet engine: [Apache Tomcat/11.0.15]
2026-02-03 15:41:26.153 [main] INFO  o.s.b.w.c.s.WebApplicationContextInitializer traceId= - Root WebApplicationContext: initialization completed in 586 ms
2026-02-03 15:41:26.543 [main] INFO  o.a.coyote.http11.Http11NioProtocol traceId= - Starting ProtocolHandler ["http-nio-8080"]
2026-02-03 15:41:26.561 [main] INFO  o.s.boot.tomcat.TomcatWebServer traceId= - Tomcat started on port 8080 (http) with context path '/'
2026-02-03 15:41:26.566 [main] INFO  com.triad.TriadApplication traceId= - Started TriadApplication in 1.328 seconds (process running for 1.633)
2026-02-03 15:41:26.568 [main] WARN  o.s.c.events.SpringDocAppInitializer traceId= - SpringDoc /v3/api-docs endpoint is enabled by default. To disable it in production, set the property 'springdoc.api-docs.enabled=false'
2026-02-03 15:41:26.568 [main] WARN  o.s.c.events.SpringDocAppInitializer traceId= - SpringDoc /swagger-ui.html endpoint is enabled by default. To disable it in production, set the property 'springdoc.swagger-ui.enabled=false'
2026-02-03 15:41:30.605 [http-nio-8080-exec-1] INFO  o.a.c.c.C.[Tomcat].[localhost].[/] traceId= - Initializing Spring DispatcherServlet 'dispatcherServlet'
2026-02-03 15:41:30.606 [http-nio-8080-exec-1] INFO  o.s.web.servlet.DispatcherServlet traceId= - Initializing Servlet 'dispatcherServlet'
2026-02-03 15:41:30.607 [http-nio-8080-exec-1] INFO  o.s.web.servlet.DispatcherServlet traceId= - Completed initialization in 1 ms
2026-02-03 15:41:30.610 [http-nio-8080-exec-1] INFO  com.triad.api.logging.TraceIdFilter traceId=08cf2731-bfd3-484f-a179-737ef9723983 - Request start: GET /v3/api-docs/swagger-config
2026-02-03 15:41:30.672 [http-nio-8080-exec-1] INFO  com.triad.api.logging.TraceIdFilter traceId=08cf2731-bfd3-484f-a179-737ef9723983 - Request end: GET /v3/api-docs/swagger-config -> 200 (61 ms)
2026-02-03 15:42:07.140 [http-nio-8080-exec-2] INFO  com.triad.api.logging.TraceIdFilter traceId=07993a58-3845-42f5-aacd-586545450c95 - Request start: GET /swagger-ui.html
2026-02-03 15:42:07.158 [http-nio-8080-exec-2] INFO  com.triad.api.logging.TraceIdFilter traceId=07993a58-3845-42f5-aacd-586545450c95 - Request end: GET /swagger-ui.html -> 302 (18 ms)
2026-02-03 15:42:07.164 [http-nio-8080-exec-3] INFO  com.triad.api.logging.TraceIdFilter traceId=fb637161-6b72-4587-b48f-e3090314700f - Request start: GET /swagger-ui/index.html
2026-02-03 15:42:07.169 [http-nio-8080-exec-3] INFO  com.triad.api.logging.TraceIdFilter traceId=fb637161-6b72-4587-b48f-e3090314700f - Request end: GET /swagger-ui/index.html -> 200 (4 ms)
2026-02-03 15:42:07.522 [http-nio-8080-exec-4] INFO  com.triad.api.logging.TraceIdFilter traceId=cd963d64-d539-4d59-bbea-71cd27f5e678 - Request start: GET /swagger-ui/swagger-initializer.js
2026-02-03 15:42:07.541 [http-nio-8080-exec-4] INFO  com.triad.api.logging.TraceIdFilter traceId=cd963d64-d539-4d59-bbea-71cd27f5e678 - Request end: GET /swagger-ui/swagger-initializer.js -> 200 (18 ms)
2026-02-03 15:42:07.558 [http-nio-8080-exec-5] INFO  com.triad.api.logging.TraceIdFilter traceId=d0b2474e-c97d-4ccd-a927-44cf136080c3 - Request start: GET /v3/api-docs/swagger-config
2026-02-03 15:42:07.560 [http-nio-8080-exec-5] INFO  com.triad.api.logging.TraceIdFilter traceId=d0b2474e-c97d-4ccd-a927-44cf136080c3 - Request end: GET /v3/api-docs/swagger-config -> 200 (2 ms)
2026-02-03 15:42:07.579 [http-nio-8080-exec-6] INFO  com.triad.api.logging.TraceIdFilter traceId=5915a7fa-e5b3-498e-8d47-97ccc65d9ce0 - Request start: GET /openapi/triad.openapi.yaml
2026-02-03 15:42:07.597 [http-nio-8080-exec-6] INFO  com.triad.api.logging.TraceIdFilter traceId=5915a7fa-e5b3-498e-8d47-97ccc65d9ce0 - Request end: GET /openapi/triad.openapi.yaml -> 200 (17 ms)
2026-02-03 15:42:18.506 [http-nio-8080-exec-7] INFO  com.triad.api.logging.TraceIdFilter traceId=6df1a7d0-422d-40ba-87ff-7afe73e5c7e8 - Request start: POST /api/assessment
2026-02-03 15:42:18.626 [http-nio-8080-exec-7] DEBUG c.t.a.pipeline.AssessmentPipeline traceId=543c85b6-8b85-4531-8113-6e8322fd8658 - Pipeline step start: ValidateInputStep
2026-02-03 15:42:18.627 [http-nio-8080-exec-7] DEBUG c.t.a.pipeline.AssessmentPipeline traceId=543c85b6-8b85-4531-8113-6e8322fd8658 - Pipeline step done: ValidateInputStep
2026-02-03 15:42:18.627 [http-nio-8080-exec-7] DEBUG c.t.a.pipeline.AssessmentPipeline traceId=543c85b6-8b85-4531-8113-6e8322fd8658 - Pipeline step start: NormalizeIndicatorsStep
2026-02-03 15:42:18.628 [http-nio-8080-exec-7] DEBUG c.t.a.pipeline.AssessmentPipeline traceId=543c85b6-8b85-4531-8113-6e8322fd8658 - Pipeline step done: NormalizeIndicatorsStep
2026-02-03 15:42:18.628 [http-nio-8080-exec-7] DEBUG c.t.a.pipeline.AssessmentPipeline traceId=543c85b6-8b85-4531-8113-6e8322fd8658 - Pipeline step start: AggregateAxesStep
2026-02-03 15:42:18.629 [http-nio-8080-exec-7] DEBUG c.t.a.pipeline.AssessmentPipeline traceId=543c85b6-8b85-4531-8113-6e8322fd8658 - Pipeline step done: AggregateAxesStep
2026-02-03 15:42:18.629 [http-nio-8080-exec-7] DEBUG c.t.a.pipeline.AssessmentPipeline traceId=543c85b6-8b85-4531-8113-6e8322fd8658 - Pipeline step start: CheckAvailabilityStep
2026-02-03 15:42:18.629 [http-nio-8080-exec-7] DEBUG c.t.a.pipeline.AssessmentPipeline traceId=543c85b6-8b85-4531-8113-6e8322fd8658 - Pipeline step done: CheckAvailabilityStep
2026-02-03 15:42:18.629 [http-nio-8080-exec-7] DEBUG c.t.a.pipeline.AssessmentPipeline traceId=543c85b6-8b85-4531-8113-6e8322fd8658 - Pipeline step start: RenormalizeWeightsStep
2026-02-03 15:42:18.630 [http-nio-8080-exec-7] DEBUG c.t.a.pipeline.AssessmentPipeline traceId=543c85b6-8b85-4531-8113-6e8322fd8658 - Pipeline step done: RenormalizeWeightsStep
2026-02-03 15:42:18.630 [http-nio-8080-exec-7] DEBUG c.t.a.pipeline.AssessmentPipeline traceId=543c85b6-8b85-4531-8113-6e8322fd8658 - Pipeline step start: FuseScoresStep
2026-02-03 15:42:18.630 [http-nio-8080-exec-7] DEBUG c.t.a.pipeline.AssessmentPipeline traceId=543c85b6-8b85-4531-8113-6e8322fd8658 - Pipeline step done: FuseScoresStep
2026-02-03 15:42:18.630 [http-nio-8080-exec-7] DEBUG c.t.a.pipeline.AssessmentPipeline traceId=543c85b6-8b85-4531-8113-6e8322fd8658 - Pipeline step start: MapGradeStep
2026-02-03 15:42:18.630 [http-nio-8080-exec-7] DEBUG c.t.a.pipeline.AssessmentPipeline traceId=543c85b6-8b85-4531-8113-6e8322fd8658 - Pipeline step done: MapGradeStep
2026-02-03 15:42:18.630 [http-nio-8080-exec-7] DEBUG c.t.a.pipeline.AssessmentPipeline traceId=543c85b6-8b85-4531-8113-6e8322fd8658 - Pipeline step start: BuildContributionsStep
2026-02-03 15:42:18.631 [http-nio-8080-exec-7] DEBUG c.t.a.pipeline.AssessmentPipeline traceId=543c85b6-8b85-4531-8113-6e8322fd8658 - Pipeline step done: BuildContributionsStep
2026-02-03 15:42:18.631 [http-nio-8080-exec-7] DEBUG c.t.a.pipeline.AssessmentPipeline traceId=543c85b6-8b85-4531-8113-6e8322fd8658 - Pipeline step start: BuildResultStep
2026-02-03 15:42:18.631 [http-nio-8080-exec-7] DEBUG c.t.a.pipeline.AssessmentPipeline traceId=543c85b6-8b85-4531-8113-6e8322fd8658 - Pipeline step done: BuildResultStep
2026-02-03 15:42:18.660 [http-nio-8080-exec-7] INFO  com.triad.api.logging.TraceIdFilter traceId= - Request end: POST /api/assessment -> 200 (153 ms)
2026-02-03 15:46:11.886 [http-nio-8080-exec-9] INFO  com.triad.api.logging.TraceIdFilter traceId=2a0034f9-08d6-4e34-b6e1-a98d7b5e6e8b - Request start: POST /api/assessment
2026-02-03 15:46:11.889 [http-nio-8080-exec-9] DEBUG c.t.a.pipeline.AssessmentPipeline traceId=1dce522f-bf73-424c-964f-40f1323d6936 - Pipeline step start: ValidateInputStep
2026-02-03 15:46:11.890 [http-nio-8080-exec-9] DEBUG c.t.a.pipeline.AssessmentPipeline traceId=1dce522f-bf73-424c-964f-40f1323d6936 - Pipeline step done: ValidateInputStep
2026-02-03 15:46:11.890 [http-nio-8080-exec-9] DEBUG c.t.a.pipeline.AssessmentPipeline traceId=1dce522f-bf73-424c-964f-40f1323d6936 - Pipeline step start: NormalizeIndicatorsStep
2026-02-03 15:46:11.890 [http-nio-8080-exec-9] DEBUG c.t.a.pipeline.AssessmentPipeline traceId=1dce522f-bf73-424c-964f-40f1323d6936 - Pipeline step done: NormalizeIndicatorsStep
2026-02-03 15:46:11.890 [http-nio-8080-exec-9] DEBUG c.t.a.pipeline.AssessmentPipeline traceId=1dce522f-bf73-424c-964f-40f1323d6936 - Pipeline step start: AggregateAxesStep
2026-02-03 15:46:11.890 [http-nio-8080-exec-9] DEBUG c.t.a.pipeline.AssessmentPipeline traceId=1dce522f-bf73-424c-964f-40f1323d6936 - Pipeline step done: AggregateAxesStep
2026-02-03 15:46:11.890 [http-nio-8080-exec-9] DEBUG c.t.a.pipeline.AssessmentPipeline traceId=1dce522f-bf73-424c-964f-40f1323d6936 - Pipeline step start: CheckAvailabilityStep
2026-02-03 15:46:11.890 [http-nio-8080-exec-9] DEBUG c.t.a.pipeline.AssessmentPipeline traceId=1dce522f-bf73-424c-964f-40f1323d6936 - Pipeline step done: CheckAvailabilityStep
2026-02-03 15:46:11.890 [http-nio-8080-exec-9] DEBUG c.t.a.pipeline.AssessmentPipeline traceId=1dce522f-bf73-424c-964f-40f1323d6936 - Pipeline step start: RenormalizeWeightsStep
2026-02-03 15:46:11.890 [http-nio-8080-exec-9] DEBUG c.t.a.pipeline.AssessmentPipeline traceId=1dce522f-bf73-424c-964f-40f1323d6936 - Pipeline step done: RenormalizeWeightsStep
2026-02-03 15:46:11.890 [http-nio-8080-exec-9] DEBUG c.t.a.pipeline.AssessmentPipeline traceId=1dce522f-bf73-424c-964f-40f1323d6936 - Pipeline step start: FuseScoresStep
2026-02-03 15:46:11.891 [http-nio-8080-exec-9] DEBUG c.t.a.pipeline.AssessmentPipeline traceId=1dce522f-bf73-424c-964f-40f1323d6936 - Pipeline step done: FuseScoresStep
2026-02-03 15:46:11.891 [http-nio-8080-exec-9] DEBUG c.t.a.pipeline.AssessmentPipeline traceId=1dce522f-bf73-424c-964f-40f1323d6936 - Pipeline step start: MapGradeStep
2026-02-03 15:46:11.891 [http-nio-8080-exec-9] DEBUG c.t.a.pipeline.AssessmentPipeline traceId=1dce522f-bf73-424c-964f-40f1323d6936 - Pipeline step done: MapGradeStep
2026-02-03 15:46:11.891 [http-nio-8080-exec-9] DEBUG c.t.a.pipeline.AssessmentPipeline traceId=1dce522f-bf73-424c-964f-40f1323d6936 - Pipeline step start: BuildContributionsStep
2026-02-03 15:46:11.891 [http-nio-8080-exec-9] DEBUG c.t.a.pipeline.AssessmentPipeline traceId=1dce522f-bf73-424c-964f-40f1323d6936 - Pipeline step done: BuildContributionsStep
2026-02-03 15:46:11.891 [http-nio-8080-exec-9] DEBUG c.t.a.pipeline.AssessmentPipeline traceId=1dce522f-bf73-424c-964f-40f1323d6936 - Pipeline step start: BuildResultStep
2026-02-03 15:46:11.891 [http-nio-8080-exec-9] DEBUG c.t.a.pipeline.AssessmentPipeline traceId=1dce522f-bf73-424c-964f-40f1323d6936 - Pipeline step done: BuildResultStep
2026-02-03 15:46:11.892 [http-nio-8080-exec-9] INFO  com.triad.api.logging.TraceIdFilter traceId= - Request end: POST /api/assessment -> 200 (6 ms)
2026-02-03 15:46:23.042 [http-nio-8080-exec-1] INFO  com.triad.api.logging.TraceIdFilter traceId=9e36f469-ee06-42dd-9f67-ee06b8d79145 - Request start: POST /api/assessment
2026-02-03 15:46:23.053 [http-nio-8080-exec-1] INFO  com.triad.api.logging.TraceIdFilter traceId=9e36f469-ee06-42dd-9f67-ee06b8d79145 - Request end: POST /api/assessment -> 400 (10 ms)
2026-02-03 15:47:29.672 [SpringApplicationShutdownHook] INFO  o.s.boot.tomcat.GracefulShutdown traceId= - Commencing graceful shutdown. Waiting for active requests to complete
2026-02-03 15:47:29.682 [tomcat-shutdown] INFO  o.s.boot.tomcat.GracefulShutdown traceId= - Graceful shutdown complete
2026-02-03 16:15:43.971 [main] INFO  com.triad.TriadApplication traceId= - Starting TriadApplication using Java 21.0.10 with PID 4253 (/Users/nicolaboffoli/Documents/GitHub/EdmAlg/target/classes started by nicolaboffoli in /Users/nicolaboffoli/Documents/GitHub/EdmAlg)
2026-02-03 16:15:43.974 [main] INFO  com.triad.TriadApplication traceId= - No active profile set, falling back to 1 default profile: "default"
2026-02-03 16:15:44.195 [background-preinit] INFO  o.h.validator.internal.util.Version traceId= - HV000001: Hibernate Validator 9.0.1.Final
2026-02-03 16:15:44.536 [main] INFO  o.s.boot.tomcat.TomcatWebServer traceId= - Tomcat initialized with port 8080 (http)
2026-02-03 16:15:44.547 [main] INFO  o.a.coyote.http11.Http11NioProtocol traceId= - Initializing ProtocolHandler ["http-nio-8080"]
2026-02-03 16:15:44.550 [main] INFO  o.a.catalina.core.StandardService traceId= - Starting service [Tomcat]
2026-02-03 16:15:44.550 [main] INFO  o.a.catalina.core.StandardEngine traceId= - Starting Servlet engine: [Apache Tomcat/11.0.15]
2026-02-03 16:15:44.598 [main] INFO  o.s.b.w.c.s.WebApplicationContextInitializer traceId= - Root WebApplicationContext: initialization completed in 598 ms
2026-02-03 16:15:44.948 [main] INFO  o.a.coyote.http11.Http11NioProtocol traceId= - Starting ProtocolHandler ["http-nio-8080"]
2026-02-03 16:15:44.967 [main] INFO  o.s.boot.tomcat.TomcatWebServer traceId= - Tomcat started on port 8080 (http) with context path '/'
2026-02-03 16:15:44.971 [main] INFO  com.triad.TriadApplication traceId= - Started TriadApplication in 1.299 seconds (process running for 1.573)
2026-02-03 16:15:44.973 [main] WARN  o.s.c.events.SpringDocAppInitializer traceId= - SpringDoc /v3/api-docs endpoint is enabled by default. To disable it in production, set the property 'springdoc.api-docs.enabled=false'
2026-02-03 16:15:44.973 [main] WARN  o.s.c.events.SpringDocAppInitializer traceId= - SpringDoc /swagger-ui.html endpoint is enabled by default. To disable it in production, set the property 'springdoc.swagger-ui.enabled=false'
2026-02-03 16:15:59.337 [http-nio-8080-exec-1] INFO  o.a.c.c.C.[Tomcat].[localhost].[/] traceId= - Initializing Spring DispatcherServlet 'dispatcherServlet'
2026-02-03 16:15:59.337 [http-nio-8080-exec-1] INFO  o.s.web.servlet.DispatcherServlet traceId= - Initializing Servlet 'dispatcherServlet'
2026-02-03 16:15:59.338 [http-nio-8080-exec-1] INFO  o.s.web.servlet.DispatcherServlet traceId= - Completed initialization in 1 ms
2026-02-03 16:15:59.340 [http-nio-8080-exec-1] INFO  com.triad.api.logging.TraceIdFilter traceId=51552b8f-cfe1-4878-a4ab-6eda09b149cf - Request start: GET /api/health
2026-02-03 16:15:59.387 [http-nio-8080-exec-1] INFO  com.triad.api.logging.TraceIdFilter traceId=51552b8f-cfe1-4878-a4ab-6eda09b149cf - Request end: GET /api/health -> 200 (47 ms)
2026-02-03 16:15:59.400 [http-nio-8080-exec-2] INFO  com.triad.api.logging.TraceIdFilter traceId=796612d4-f87f-4c2f-b6a9-b0d9e5500d4f - Request start: GET /api/trace/stats
2026-02-03 16:15:59.424 [http-nio-8080-exec-2] INFO  com.triad.api.logging.TraceIdFilter traceId=796612d4-f87f-4c2f-b6a9-b0d9e5500d4f - Request end: GET /api/trace/stats -> 200 (23 ms)
2026-02-03 16:16:06.041 [http-nio-8080-exec-4] INFO  com.triad.api.logging.TraceIdFilter traceId=2d2c8d03-c83d-47fd-8cd6-ed8b01d9d880 - Request start: POST /api/assessment
2026-02-03 16:16:06.155 [http-nio-8080-exec-4] DEBUG c.t.a.pipeline.AssessmentPipeline traceId=1e872173-8472-4d4b-83d7-b666d6dc81cb - Pipeline step start: ValidateInputStep
2026-02-03 16:16:06.156 [http-nio-8080-exec-4] DEBUG c.t.a.pipeline.AssessmentPipeline traceId=1e872173-8472-4d4b-83d7-b666d6dc81cb - Pipeline step done: ValidateInputStep
2026-02-03 16:16:06.156 [http-nio-8080-exec-4] DEBUG c.t.a.pipeline.AssessmentPipeline traceId=1e872173-8472-4d4b-83d7-b666d6dc81cb - Pipeline step start: NormalizeIndicatorsStep
2026-02-03 16:16:06.157 [http-nio-8080-exec-4] DEBUG c.t.a.pipeline.AssessmentPipeline traceId=1e872173-8472-4d4b-83d7-b666d6dc81cb - Pipeline step done: NormalizeIndicatorsStep
2026-02-03 16:16:06.157 [http-nio-8080-exec-4] DEBUG c.t.a.pipeline.AssessmentPipeline traceId=1e872173-8472-4d4b-83d7-b666d6dc81cb - Pipeline step start: AggregateAxesStep
2026-02-03 16:16:06.157 [http-nio-8080-exec-4] DEBUG c.t.a.pipeline.AssessmentPipeline traceId=1e872173-8472-4d4b-83d7-b666d6dc81cb - Pipeline step done: AggregateAxesStep
2026-02-03 16:16:06.157 [http-nio-8080-exec-4] DEBUG c.t.a.pipeline.AssessmentPipeline traceId=1e872173-8472-4d4b-83d7-b666d6dc81cb - Pipeline step start: CheckAvailabilityStep
2026-02-03 16:16:06.157 [http-nio-8080-exec-4] DEBUG c.t.a.pipeline.AssessmentPipeline traceId=1e872173-8472-4d4b-83d7-b666d6dc81cb - Pipeline step done: CheckAvailabilityStep
2026-02-03 16:16:06.157 [http-nio-8080-exec-4] DEBUG c.t.a.pipeline.AssessmentPipeline traceId=1e872173-8472-4d4b-83d7-b666d6dc81cb - Pipeline step start: RenormalizeWeightsStep
2026-02-03 16:16:06.158 [http-nio-8080-exec-4] DEBUG c.t.a.pipeline.AssessmentPipeline traceId=1e872173-8472-4d4b-83d7-b666d6dc81cb - Pipeline step done: RenormalizeWeightsStep
2026-02-03 16:16:06.158 [http-nio-8080-exec-4] DEBUG c.t.a.pipeline.AssessmentPipeline traceId=1e872173-8472-4d4b-83d7-b666d6dc81cb - Pipeline step start: FuseScoresStep
2026-02-03 16:16:06.158 [http-nio-8080-exec-4] DEBUG c.t.a.pipeline.AssessmentPipeline traceId=1e872173-8472-4d4b-83d7-b666d6dc81cb - Pipeline step done: FuseScoresStep
2026-02-03 16:16:06.158 [http-nio-8080-exec-4] DEBUG c.t.a.pipeline.AssessmentPipeline traceId=1e872173-8472-4d4b-83d7-b666d6dc81cb - Pipeline step start: MapGradeStep
2026-02-03 16:16:06.158 [http-nio-8080-exec-4] DEBUG c.t.a.pipeline.AssessmentPipeline traceId=1e872173-8472-4d4b-83d7-b666d6dc81cb - Pipeline step done: MapGradeStep
2026-02-03 16:16:06.158 [http-nio-8080-exec-4] DEBUG c.t.a.pipeline.AssessmentPipeline traceId=1e872173-8472-4d4b-83d7-b666d6dc81cb - Pipeline step start: BuildContributionsStep
2026-02-03 16:16:06.159 [http-nio-8080-exec-4] DEBUG c.t.a.pipeline.AssessmentPipeline traceId=1e872173-8472-4d4b-83d7-b666d6dc81cb - Pipeline step done: BuildContributionsStep
2026-02-03 16:16:06.159 [http-nio-8080-exec-4] DEBUG c.t.a.pipeline.AssessmentPipeline traceId=1e872173-8472-4d4b-83d7-b666d6dc81cb - Pipeline step start: BuildResultStep
2026-02-03 16:16:06.159 [http-nio-8080-exec-4] DEBUG c.t.a.pipeline.AssessmentPipeline traceId=1e872173-8472-4d4b-83d7-b666d6dc81cb - Pipeline step done: BuildResultStep
2026-02-03 16:16:06.180 [http-nio-8080-exec-4] INFO  com.triad.api.logging.TraceIdFilter traceId= - Request end: POST /api/assessment -> 200 (139 ms)
2026-02-03 16:16:12.281 [http-nio-8080-exec-6] INFO  com.triad.api.logging.TraceIdFilter traceId=67a6f7f4-2fe6-4361-b60a-2e88d98597c3 - Request start: GET /api/trace/1e872173-8472-4d4b-83d7-b666d6dc81cb
2026-02-03 16:16:12.285 [http-nio-8080-exec-6] INFO  com.triad.api.logging.TraceIdFilter traceId=67a6f7f4-2fe6-4361-b60a-2e88d98597c3 - Request end: GET /api/trace/1e872173-8472-4d4b-83d7-b666d6dc81cb -> 200 (3 ms)
2026-02-03 16:23:06.147 [main] INFO  com.triad.TriadApplication traceId= - Starting TriadApplication using Java 21.0.10 with PID 6671 (/Users/nicolaboffoli/Documents/GitHub/EdmAlg/target/classes started by nicolaboffoli in /Users/nicolaboffoli/Documents/GitHub/EdmAlg)
2026-02-03 16:23:06.149 [main] INFO  com.triad.TriadApplication traceId= - No active profile set, falling back to 1 default profile: "default"
2026-02-03 16:23:06.363 [background-preinit] INFO  o.h.validator.internal.util.Version traceId= - HV000001: Hibernate Validator 9.0.1.Final
2026-02-03 16:23:06.664 [main] INFO  o.s.boot.tomcat.TomcatWebServer traceId= - Tomcat initialized with port 8080 (http)
2026-02-03 16:23:06.671 [main] INFO  o.a.coyote.http11.Http11NioProtocol traceId= - Initializing ProtocolHandler ["http-nio-8080"]
2026-02-03 16:23:06.673 [main] INFO  o.a.catalina.core.StandardService traceId= - Starting service [Tomcat]
2026-02-03 16:23:06.673 [main] INFO  o.a.catalina.core.StandardEngine traceId= - Starting Servlet engine: [Apache Tomcat/11.0.15]
2026-02-03 16:23:06.701 [main] INFO  o.s.b.w.c.s.WebApplicationContextInitializer traceId= - Root WebApplicationContext: initialization completed in 528 ms
2026-02-03 16:23:07.065 [main] INFO  o.a.coyote.http11.Http11NioProtocol traceId= - Starting ProtocolHandler ["http-nio-8080"]
2026-02-03 16:23:07.077 [main] WARN  o.s.b.w.s.s.c.AnnotationConfigServletWebServerApplicationContext traceId= - Exception encountered during context initialization - cancelling refresh attempt: org.springframework.context.ApplicationContextException: Failed to start bean 'webServerStartStop'
2026-02-03 16:23:07.084 [main] INFO  o.s.b.a.l.ConditionEvaluationReportLogger traceId= - 

Error starting ApplicationContext. To display the condition evaluation report re-run your application with 'debug' enabled.
2026-02-03 16:23:07.091 [main] ERROR o.s.b.d.LoggingFailureAnalysisReporter traceId= - 

***************************
APPLICATION FAILED TO START
***************************

Description:

Web server failed to start. Port 8080 was already in use.

Action:

Identify and stop the process that's listening on port 8080 or configure this application to listen on another port.

2026-02-03 16:23:18.970 [http-nio-8080-exec-8] INFO  com.triad.api.logging.TraceIdFilter traceId=6f7a2b07-cff3-4fb2-a3b2-dae6ecf1ba4f - Request start: GET /openapi/triad.openapi.yaml
2026-02-03 16:23:18.984 [http-nio-8080-exec-8] INFO  com.triad.api.logging.TraceIdFilter traceId=6f7a2b07-cff3-4fb2-a3b2-dae6ecf1ba4f - Request end: GET /openapi/triad.openapi.yaml -> 200 (13 ms)
2026-02-03 16:23:18.995 [http-nio-8080-exec-9] INFO  com.triad.api.logging.TraceIdFilter traceId=6ba21e9d-77cc-431a-a105-6b07d7ed2ae9 - Request start: GET /schema/assessment-request.schema.json
2026-02-03 16:23:18.997 [http-nio-8080-exec-9] INFO  com.triad.api.logging.TraceIdFilter traceId=6ba21e9d-77cc-431a-a105-6b07d7ed2ae9 - Request end: GET /schema/assessment-request.schema.json -> 200 (1 ms)
2026-02-03 16:23:19.008 [http-nio-8080-exec-10] INFO  com.triad.api.logging.TraceIdFilter traceId=98d5ca38-5fb9-47c7-b00c-113dde8e4c42 - Request start: GET /examples/equivalence/eq-valid-full.json
2026-02-03 16:23:19.009 [http-nio-8080-exec-10] INFO  com.triad.api.logging.TraceIdFilter traceId=98d5ca38-5fb9-47c7-b00c-113dde8e4c42 - Request end: GET /examples/equivalence/eq-valid-full.json -> 200 (1 ms)
2026-02-03 16:23:38.412 [SpringApplicationShutdownHook] INFO  o.s.boot.tomcat.GracefulShutdown traceId= - Commencing graceful shutdown. Waiting for active requests to complete
2026-02-03 16:23:38.420 [tomcat-shutdown] INFO  o.s.boot.tomcat.GracefulShutdown traceId= - Graceful shutdown complete
